<?xml version="1.0" encoding="UTF-8"?>
<testsuites name="RegressionWeb" time="1073.205" tests="39" failures="10" errors="0">
   <testsuite name="RegressionWeb" tests="39" failures="10" errors="0" time="1073.205" skipped="0" timestamp="2022-12-21 00:35:21" hostname="User - LAPTOP-RDI03SV1" id="Test Suites/RegressionWeb">
      <properties>
[...]
</properties>
      <testcase name="Test Cases/BA001_Login" time="15.05" classname="Test Cases/BA001_Login" status="PASSED">
         <system-out><![CDATA[2022-12-21 00:35:22 - [TEST_CASE][PASSED] - Test Cases/BA001_Login: Test Cases/BA001_Login

2022-12-21 00:35:22 - [TEST_STEP][PASSED] - openBrowser(""): Browser is opened with url: ''

2022-12-21 00:35:23 - [MESSAGE][INFO] - Starting 'Chrome' driver

2022-12-21 00:35:23 - [MESSAGE][INFO] - Action delay is set to 0 milliseconds

2022-12-21 00:35:26 - [MESSAGE][PASSED] - Browser is opened with url: ''

2022-12-21 00:35:26 - [TEST_STEP][PASSED] - navigateToUrl("https://tes-capstone-website.vercel.app/admin/login"): Navigate to 'https://tes-capstone-website.vercel.app/admin/login' successfully

2022-12-21 00:35:30 - [MESSAGE][PASSED] - Navigate to 'https://tes-capstone-website.vercel.app/admin/login' successfully

2022-12-21 00:35:30 - [TEST_STEP][PASSED] - setText(findTestObject("Auth/Email"), "rnd.rindhu@gmail.com"): Text 'rnd.rindhu@gmail.com' is set on object 'Object Repository/Auth/Email'

2022-12-21 00:35:31 - [MESSAGE][PASSED] - Text 'rnd.rindhu@gmail.com' is set on object 'Object Repository/Auth/Email'

2022-12-21 00:35:31 - [TEST_STEP][PASSED] - setText(findTestObject("Auth/Password"), "@Password123"): Text '@Password123' is set on object 'Object Repository/Auth/Password'

2022-12-21 00:35:32 - [MESSAGE][PASSED] - Text '@Password123' is set on object 'Object Repository/Auth/Password'

2022-12-21 00:35:32 - [TEST_STEP][PASSED] - click(findTestObject("Auth/LoginButton")): Object: 'Object Repository/Auth/LoginButton' is clicked on

2022-12-21 00:35:32 - [MESSAGE][PASSED] - Object: 'Object Repository/Auth/LoginButton' is clicked on

2022-12-21 00:35:32 - [TEST_STEP][PASSED] - verifyElementPresent(findTestObject("Auth/ValidateonHomePage"), 0): Object 'Object Repository/Auth/ValidateonHomePage' is present

2022-12-21 00:35:33 - [MESSAGE][WARNING] - Timeout '0' is invalid. Using default page load timeout: '30'

2022-12-21 00:35:35 - [MESSAGE][PASSED] - Object 'Object Repository/Auth/ValidateonHomePage' is present

2022-12-21 00:35:35 - [TEST_STEP][PASSED] - closeBrowser(): Browser is closed

2022-12-21 00:35:37 - [MESSAGE][PASSED] - Browser is closed]]></system-out>
         <system-err><![CDATA[]]></system-err>
      </testcase>
      <testcase name="Test Cases/BA002_LogEmPass" time="10.206" classname="Test Cases/BA002_LogEmPass" status="PASSED">
         <system-out><![CDATA[2022-12-21 00:35:37 - [TEST_CASE][PASSED] - Test Cases/BA002_LogEmPass: Test Cases/BA002_LogEmPass

2022-12-21 00:35:37 - [TEST_STEP][PASSED] - openBrowser(""): Browser is opened with url: ''

2022-12-21 00:35:37 - [MESSAGE][INFO] - Starting 'Chrome' driver

2022-12-21 00:35:37 - [MESSAGE][INFO] - Action delay is set to 0 milliseconds

2022-12-21 00:35:39 - [MESSAGE][PASSED] - Browser is opened with url: ''

2022-12-21 00:35:39 - [TEST_STEP][PASSED] - navigateToUrl("https://tes-capstone-website.vercel.app/admin/login"): Navigate to 'https://tes-capstone-website.vercel.app/admin/login' successfully

2022-12-21 00:35:43 - [MESSAGE][PASSED] - Navigate to 'https://tes-capstone-website.vercel.app/admin/login' successfully

2022-12-21 00:35:43 - [TEST_STEP][PASSED] - setText(findTestObject("Auth/Email"), "rindhaay00@gmail.com"): Text 'rindhaay00@gmail.com' is set on object 'Object Repository/Auth/Email'

2022-12-21 00:35:44 - [MESSAGE][PASSED] - Text 'rindhaay00@gmail.com' is set on object 'Object Repository/Auth/Email'

2022-12-21 00:35:44 - [TEST_STEP][PASSED] - setText(findTestObject("Auth/Password"), "@Password125"): Text '@Password125' is set on object 'Object Repository/Auth/Password'

2022-12-21 00:35:45 - [MESSAGE][PASSED] - Text '@Password125' is set on object 'Object Repository/Auth/Password'

2022-12-21 00:35:45 - [TEST_STEP][PASSED] - click(findTestObject("Auth/LoginButton")): Object: 'Object Repository/Auth/LoginButton' is clicked on

2022-12-21 00:35:46 - [MESSAGE][PASSED] - Object: 'Object Repository/Auth/LoginButton' is clicked on

2022-12-21 00:35:46 - [TEST_STEP][PASSED] - verifyElementPresent(findTestObject("Auth/Peringatan"), 0): Object 'Object Repository/Auth/Peringatan' is present

2022-12-21 00:35:46 - [MESSAGE][WARNING] - Timeout '0' is invalid. Using default page load timeout: '30'

2022-12-21 00:35:46 - [MESSAGE][PASSED] - Object 'Object Repository/Auth/Peringatan' is present

2022-12-21 00:35:46 - [TEST_STEP][PASSED] - closeBrowser(): Browser is closed

2022-12-21 00:35:47 - [MESSAGE][PASSED] - Browser is closed]]></system-out>
         <system-err><![CDATA[]]></system-err>
      </testcase>
      <testcase name="Test Cases/BA003_LogEm" time="9.422" classname="Test Cases/BA003_LogEm" status="PASSED">
         <system-out><![CDATA[2022-12-21 00:35:47 - [TEST_CASE][PASSED] - Test Cases/BA003_LogEm: Test Cases/BA003_LogEm

2022-12-21 00:35:47 - [TEST_STEP][PASSED] - openBrowser(""): Browser is opened with url: ''

2022-12-21 00:35:47 - [MESSAGE][INFO] - Starting 'Chrome' driver

2022-12-21 00:35:47 - [MESSAGE][INFO] - Action delay is set to 0 milliseconds

2022-12-21 00:35:49 - [MESSAGE][PASSED] - Browser is opened with url: ''

2022-12-21 00:35:49 - [TEST_STEP][PASSED] - navigateToUrl("https://tes-capstone-website.vercel.app/admin/login"): Navigate to 'https://tes-capstone-website.vercel.app/admin/login' successfully

2022-12-21 00:35:53 - [MESSAGE][PASSED] - Navigate to 'https://tes-capstone-website.vercel.app/admin/login' successfully

2022-12-21 00:35:53 - [TEST_STEP][PASSED] - setText(findTestObject("Auth/Email"), "rindhaay00@gmail.com"): Text 'rindhaay00@gmail.com' is set on object 'Object Repository/Auth/Email'

2022-12-21 00:35:54 - [MESSAGE][PASSED] - Text 'rindhaay00@gmail.com' is set on object 'Object Repository/Auth/Email'

2022-12-21 00:35:54 - [TEST_STEP][PASSED] - setText(findTestObject("Auth/Password"), "@Password123"): Text '@Password123' is set on object 'Object Repository/Auth/Password'

2022-12-21 00:35:54 - [MESSAGE][PASSED] - Text '@Password123' is set on object 'Object Repository/Auth/Password'

2022-12-21 00:35:54 - [TEST_STEP][PASSED] - click(findTestObject("Auth/LoginButton")): Object: 'Object Repository/Auth/LoginButton' is clicked on

2022-12-21 00:35:55 - [MESSAGE][PASSED] - Object: 'Object Repository/Auth/LoginButton' is clicked on

2022-12-21 00:35:55 - [TEST_STEP][PASSED] - verifyElementPresent(findTestObject("Auth/Peringatan"), 0): Object 'Object Repository/Auth/Peringatan' is present

2022-12-21 00:35:55 - [MESSAGE][WARNING] - Timeout '0' is invalid. Using default page load timeout: '30'

2022-12-21 00:35:56 - [MESSAGE][PASSED] - Object 'Object Repository/Auth/Peringatan' is present

2022-12-21 00:35:56 - [TEST_STEP][PASSED] - closeBrowser(): Browser is closed

2022-12-21 00:35:56 - [MESSAGE][PASSED] - Browser is closed]]></system-out>
         <system-err><![CDATA[]]></system-err>
      </testcase>
      <testcase name="Test Cases/BA004_LogPass" time="15.072" classname="Test Cases/BA004_LogPass" status="PASSED">
         <system-out><![CDATA[2022-12-21 00:35:56 - [TEST_CASE][PASSED] - Test Cases/BA004_LogPass: Test Cases/BA004_LogPass

2022-12-21 00:35:56 - [TEST_STEP][PASSED] - openBrowser(""): Browser is opened with url: ''

2022-12-21 00:35:56 - [MESSAGE][INFO] - Starting 'Chrome' driver

2022-12-21 00:35:56 - [MESSAGE][INFO] - Action delay is set to 0 milliseconds

2022-12-21 00:35:58 - [MESSAGE][PASSED] - Browser is opened with url: ''

2022-12-21 00:35:58 - [TEST_STEP][PASSED] - navigateToUrl("https://tes-capstone-website.vercel.app/admin/login"): Navigate to 'https://tes-capstone-website.vercel.app/admin/login' successfully

2022-12-21 00:36:07 - [MESSAGE][PASSED] - Navigate to 'https://tes-capstone-website.vercel.app/admin/login' successfully

2022-12-21 00:36:07 - [TEST_STEP][PASSED] - setText(findTestObject("Auth/Email"), "rnd.rindhu@gmail.com"): Text 'rnd.rindhu@gmail.com' is set on object 'Object Repository/Auth/Email'

2022-12-21 00:36:08 - [MESSAGE][PASSED] - Text 'rnd.rindhu@gmail.com' is set on object 'Object Repository/Auth/Email'

2022-12-21 00:36:08 - [TEST_STEP][PASSED] - setText(findTestObject("Auth/Password"), "@Password125"): Text '@Password125' is set on object 'Object Repository/Auth/Password'

2022-12-21 00:36:09 - [MESSAGE][PASSED] - Text '@Password125' is set on object 'Object Repository/Auth/Password'

2022-12-21 00:36:09 - [TEST_STEP][PASSED] - click(findTestObject("Auth/LoginButton")): Object: 'Object Repository/Auth/LoginButton' is clicked on

2022-12-21 00:36:10 - [MESSAGE][PASSED] - Object: 'Object Repository/Auth/LoginButton' is clicked on

2022-12-21 00:36:10 - [TEST_STEP][PASSED] - verifyElementPresent(findTestObject("Auth/Peringatan"), 0): Object 'Object Repository/Auth/Peringatan' is present

2022-12-21 00:36:10 - [MESSAGE][WARNING] - Timeout '0' is invalid. Using default page load timeout: '30'

2022-12-21 00:36:10 - [MESSAGE][PASSED] - Object 'Object Repository/Auth/Peringatan' is present

2022-12-21 00:36:10 - [TEST_STEP][PASSED] - closeBrowser(): Browser is closed

2022-12-21 00:36:11 - [MESSAGE][PASSED] - Browser is closed]]></system-out>
         <system-err><![CDATA[]]></system-err>
      </testcase>
      <testcase name="Test Cases/BB001_ViewUser" time="12.626" classname="Test Cases/BB001_ViewUser" status="PASSED">
         <system-out><![CDATA[2022-12-21 00:36:11 - [TEST_CASE][PASSED] - Test Cases/BB001_ViewUser: Test Cases/BB001_ViewUser

2022-12-21 00:36:12 - [TEST_STEP][PASSED] - openBrowser(""): Browser is opened with url: ''

2022-12-21 00:36:12 - [MESSAGE][INFO] - Starting 'Chrome' driver

2022-12-21 00:36:12 - [MESSAGE][INFO] - Action delay is set to 0 milliseconds

2022-12-21 00:36:13 - [MESSAGE][PASSED] - Browser is opened with url: ''

2022-12-21 00:36:13 - [TEST_STEP][PASSED] - maximizeWindow(): Current window maximized

2022-12-21 00:36:13 - [MESSAGE][PASSED] - Current window maximized

2022-12-21 00:36:13 - [TEST_STEP][PASSED] - navigateToUrl("https://tes-capstone-website.vercel.app/admin/login"): Navigate to 'https://tes-capstone-website.vercel.app/admin/login' successfully

2022-12-21 00:36:17 - [MESSAGE][PASSED] - Navigate to 'https://tes-capstone-website.vercel.app/admin/login' successfully

2022-12-21 00:36:17 - [TEST_STEP][PASSED] - setText(findTestObject("Auth/Email"), "admin@nyakit.in"): Text 'admin@nyakit.in' is set on object 'Object Repository/Auth/Email'

2022-12-21 00:36:18 - [MESSAGE][PASSED] - Text 'admin@nyakit.in' is set on object 'Object Repository/Auth/Email'

2022-12-21 00:36:18 - [TEST_STEP][PASSED] - setText(findTestObject("Auth/Password"), "@Password123"): Text '@Password123' is set on object 'Object Repository/Auth/Password'

2022-12-21 00:36:19 - [MESSAGE][PASSED] - Text '@Password123' is set on object 'Object Repository/Auth/Password'

2022-12-21 00:36:19 - [TEST_STEP][PASSED] - click(findTestObject("Auth/LoginButton")): Object: 'Object Repository/Auth/LoginButton' is clicked on

2022-12-21 00:36:20 - [MESSAGE][PASSED] - Object: 'Object Repository/Auth/LoginButton' is clicked on

2022-12-21 00:36:20 - [TEST_STEP][PASSED] - click(findTestObject("ManageUser/ManageUser")): Object: 'Object Repository/ManageUser/ManageUser' is clicked on

2022-12-21 00:36:23 - [MESSAGE][PASSED] - Object: 'Object Repository/ManageUser/ManageUser' is clicked on

2022-12-21 00:36:23 - [TEST_STEP][PASSED] - closeBrowser(): Browser is closed

2022-12-21 00:36:24 - [MESSAGE][PASSED] - Browser is closed]]></system-out>
         <system-err><![CDATA[]]></system-err>
      </testcase>
      <testcase name="Test Cases/BB002_VerifUser" time="43.957" classname="Test Cases/BB002_VerifUser" status="FAILED">
         <failure type="FAILED" message="Test Cases/BB002_VerifUser FAILED.
Reason:
com.kms.katalon.core.exception.StepFailedException: Unable to click on object 'Object Repository/ManageUser/EditButton'
	at com.kms.katalon.core.webui.keyword.internal.WebUIKeywordMain.stepFailed(WebUIKeywordMain.groovy:64)
	at com.kms.katalon.core.webui.keyword.internal.WebUIKeywordMain.runKeyword(WebUIKeywordMain.groovy:26)
	at com.kms.katalon.core.webui.keyword.builtin.ClickKeyword.click(ClickKeyword.groovy:74)
	at com.kms.katalon.core.webui.keyword.builtin.ClickKeyword.execute(ClickKeyword.groovy:40)
	at com.kms.katalon.core.keyword.internal.KeywordExecutor.executeKeywordForPlatform(KeywordExecutor.groovy:74)
	at com.kms.katalon.core.webui.keyword.WebUiBuiltInKeywords.click(WebUiBuiltInKeywords.groovy:620)
	at com.kms.katalon.core.webui.keyword.WebUiBuiltInKeywords$click$2.call(Unknown Source)
	at BB002_VerifUser.run(BB002_VerifUser:36)
	at com.kms.katalon.core.main.ScriptEngine.run(ScriptEngine.java:194)
	at com.kms.katalon.core.main.ScriptEngine.runScriptAsRawText(ScriptEngine.java:119)
	at com.kms.katalon.core.main.TestCaseExecutor.runScript(TestCaseExecutor.java:445)
	at com.kms.katalon.core.main.TestCaseExecutor.doExecute(TestCaseExecutor.java:436)
	at com.kms.katalon.core.main.TestCaseExecutor.processExecutionPhase(TestCaseExecutor.java:415)
	at com.kms.katalon.core.main.TestCaseExecutor.accessMainPhase(TestCaseExecutor.java:407)
	at com.kms.katalon.core.main.TestCaseExecutor.execute(TestCaseExecutor.java:284)
	at com.kms.katalon.core.common.CommonExecutor.accessTestCaseMainPhase(CommonExecutor.java:65)
	at com.kms.katalon.core.main.TestSuiteExecutor.accessTestSuiteMainPhase(TestSuiteExecutor.java:144)
	at com.kms.katalon.core.main.TestSuiteExecutor.execute(TestSuiteExecutor.java:106)
	at com.kms.katalon.core.main.TestCaseMain.startTestSuite(TestCaseMain.java:185)
	at com.kms.katalon.core.main.TestCaseMain$startTestSuite$0.call(Unknown Source)
	at TempTestSuite1671557716712.run(TempTestSuite1671557716712.groovy:36)
Caused by: com.kms.katalon.core.webui.exception.WebElementNotFoundException: Web element with id: 'Object Repository/ManageUser/EditButton' located by '(.//*[normalize-space(text()) and normalize-space(.)='Not verified'])[2]/following::li[1]' not found
	at com.kms.katalon.core.webui.common.WebUiCommonHelper.findWebElement(WebUiCommonHelper.java:1370)
	at com.kms.katalon.core.webui.keyword.internal.WebUIAbstractKeyword.findWebElement(WebUIAbstractKeyword.groovy:27)
	at com.kms.katalon.core.webui.keyword.builtin.ClickKeyword$_click_closure1.doCall(ClickKeyword.groovy:65)
	at com.kms.katalon.core.webui.keyword.builtin.ClickKeyword$_click_closure1.call(ClickKeyword.groovy)
	at com.kms.katalon.core.webui.keyword.internal.WebUIKeywordMain.runKeyword(WebUIKeywordMain.groovy:20)
	... 19 more
"/>
         <system-out><![CDATA[2022-12-21 00:36:24 - [TEST_CASE][FAILED] - Test Cases/BB002_VerifUser: Test Cases/BB002_VerifUser FAILED.
Reason:
com.kms.katalon.core.exception.StepFailedException: Unable to click on object 'Object Repository/ManageUser/EditButton'
	at com.kms.katalon.core.webui.keyword.internal.WebUIKeywordMain.stepFailed(WebUIKeywordMain.groovy:64)
	at com.kms.katalon.core.webui.keyword.internal.WebUIKeywordMain.runKeyword(WebUIKeywordMain.groovy:26)
	at com.kms.katalon.core.webui.keyword.builtin.ClickKeyword.click(ClickKeyword.groovy:74)
	at com.kms.katalon.core.webui.keyword.builtin.ClickKeyword.execute(ClickKeyword.groovy:40)
	at com.kms.katalon.core.keyword.internal.KeywordExecutor.executeKeywordForPlatform(KeywordExecutor.groovy:74)
	at com.kms.katalon.core.webui.keyword.WebUiBuiltInKeywords.click(WebUiBuiltInKeywords.groovy:620)
	at com.kms.katalon.core.webui.keyword.WebUiBuiltInKeywords$click$2.call(Unknown Source)
	at BB002_VerifUser.run(BB002_VerifUser:36)
	at com.kms.katalon.core.main.ScriptEngine.run(ScriptEngine.java:194)
	at com.kms.katalon.core.main.ScriptEngine.runScriptAsRawText(ScriptEngine.java:119)
	at com.kms.katalon.core.main.TestCaseExecutor.runScript(TestCaseExecutor.java:445)
	at com.kms.katalon.core.main.TestCaseExecutor.doExecute(TestCaseExecutor.java:436)
	at com.kms.katalon.core.main.TestCaseExecutor.processExecutionPhase(TestCaseExecutor.java:415)
	at com.kms.katalon.core.main.TestCaseExecutor.accessMainPhase(TestCaseExecutor.java:407)
	at com.kms.katalon.core.main.TestCaseExecutor.execute(TestCaseExecutor.java:284)
	at com.kms.katalon.core.common.CommonExecutor.accessTestCaseMainPhase(CommonExecutor.java:65)
	at com.kms.katalon.core.main.TestSuiteExecutor.accessTestSuiteMainPhase(TestSuiteExecutor.java:144)
	at com.kms.katalon.core.main.TestSuiteExecutor.execute(TestSuiteExecutor.java:106)
	at com.kms.katalon.core.main.TestCaseMain.startTestSuite(TestCaseMain.java:185)
	at com.kms.katalon.core.main.TestCaseMain$startTestSuite$0.call(Unknown Source)
	at TempTestSuite1671557716712.run(TempTestSuite1671557716712.groovy:36)
Caused by: com.kms.katalon.core.webui.exception.WebElementNotFoundException: Web element with id: 'Object Repository/ManageUser/EditButton' located by '(.//*[normalize-space(text()) and normalize-space(.)='Not verified'])[2]/following::li[1]' not found
	at com.kms.katalon.core.webui.common.WebUiCommonHelper.findWebElement(WebUiCommonHelper.java:1370)
	at com.kms.katalon.core.webui.keyword.internal.WebUIAbstractKeyword.findWebElement(WebUIAbstractKeyword.groovy:27)
	at com.kms.katalon.core.webui.keyword.builtin.ClickKeyword$_click_closure1.doCall(ClickKeyword.groovy:65)
	at com.kms.katalon.core.webui.keyword.builtin.ClickKeyword$_click_closure1.call(ClickKeyword.groovy)
	at com.kms.katalon.core.webui.keyword.internal.WebUIKeywordMain.runKeyword(WebUIKeywordMain.groovy:20)
	... 19 more


2022-12-21 00:36:24 - [TEST_STEP][PASSED] - openBrowser(""): Browser is opened with url: ''

2022-12-21 00:36:24 - [MESSAGE][INFO] - Starting 'Chrome' driver

2022-12-21 00:36:24 - [MESSAGE][INFO] - Action delay is set to 0 milliseconds

2022-12-21 00:36:25 - [MESSAGE][PASSED] - Browser is opened with url: ''

2022-12-21 00:36:25 - [TEST_STEP][PASSED] - maximizeWindow(): Current window maximized

2022-12-21 00:36:26 - [MESSAGE][PASSED] - Current window maximized

2022-12-21 00:36:26 - [TEST_STEP][PASSED] - navigateToUrl("https://tes-capstone-website.vercel.app/admin/login"): Navigate to 'https://tes-capstone-website.vercel.app/admin/login' successfully

2022-12-21 00:36:30 - [MESSAGE][PASSED] - Navigate to 'https://tes-capstone-website.vercel.app/admin/login' successfully

2022-12-21 00:36:30 - [TEST_STEP][PASSED] - setText(findTestObject("Auth/Email"), "admin@nyakit.in"): Text 'admin@nyakit.in' is set on object 'Object Repository/Auth/Email'

2022-12-21 00:36:31 - [MESSAGE][PASSED] - Text 'admin@nyakit.in' is set on object 'Object Repository/Auth/Email'

2022-12-21 00:36:31 - [TEST_STEP][PASSED] - setText(findTestObject("Auth/Password"), "@Password123"): Text '@Password123' is set on object 'Object Repository/Auth/Password'

2022-12-21 00:36:32 - [MESSAGE][PASSED] - Text '@Password123' is set on object 'Object Repository/Auth/Password'

2022-12-21 00:36:32 - [TEST_STEP][PASSED] - click(findTestObject("Auth/LoginButton")): Object: 'Object Repository/Auth/LoginButton' is clicked on

2022-12-21 00:36:32 - [MESSAGE][PASSED] - Object: 'Object Repository/Auth/LoginButton' is clicked on

2022-12-21 00:36:32 - [TEST_STEP][PASSED] - click(findTestObject("ManageUser/ManageUser")): Object: 'Object Repository/ManageUser/ManageUser' is clicked on

2022-12-21 00:36:35 - [MESSAGE][PASSED] - Object: 'Object Repository/ManageUser/ManageUser' is clicked on

2022-12-21 00:36:35 - [TEST_STEP][PASSED] - click(findTestObject("ManageUser/Option")): Object: 'Object Repository/ManageUser/Option' is clicked on

2022-12-21 00:36:36 - [MESSAGE][PASSED] - Object: 'Object Repository/ManageUser/Option' is clicked on

2022-12-21 00:36:36 - [TEST_STEP][FAILED] - click(findTestObject("ManageUser/EditButton")): Unable to click on object 'Object Repository/ManageUser/EditButton' (Root cause: com.kms.katalon.core.exception.StepFailedException: Unable to click on object 'Object Repository/ManageUser/EditButton'
	at com.kms.katalon.core.webui.keyword.internal.WebUIKeywordMain.stepFailed(WebUIKeywordMain.groovy:64)
	at com.kms.katalon.core.webui.keyword.internal.WebUIKeywordMain.runKeyword(WebUIKeywordMain.groovy:26)
	at com.kms.katalon.core.webui.keyword.builtin.ClickKeyword.click(ClickKeyword.groovy:74)
	at com.kms.katalon.core.webui.keyword.builtin.ClickKeyword.execute(ClickKeyword.groovy:40)
	at com.kms.katalon.core.keyword.internal.KeywordExecutor.executeKeywordForPlatform(KeywordExecutor.groovy:74)
	at com.kms.katalon.core.webui.keyword.WebUiBuiltInKeywords.click(WebUiBuiltInKeywords.groovy:620)
	at com.kms.katalon.core.webui.keyword.WebUiBuiltInKeywords$click$2.call(Unknown Source)
	at BB002_VerifUser.run(BB002_VerifUser:36)
	at com.kms.katalon.core.main.ScriptEngine.run(ScriptEngine.java:194)
	at com.kms.katalon.core.main.ScriptEngine.runScriptAsRawText(ScriptEngine.java:119)
	at com.kms.katalon.core.main.TestCaseExecutor.runScript(TestCaseExecutor.java:445)
	at com.kms.katalon.core.main.TestCaseExecutor.doExecute(TestCaseExecutor.java:436)
	at com.kms.katalon.core.main.TestCaseExecutor.processExecutionPhase(TestCaseExecutor.java:415)
	at com.kms.katalon.core.main.TestCaseExecutor.accessMainPhase(TestCaseExecutor.java:407)
	at com.kms.katalon.core.main.TestCaseExecutor.execute(TestCaseExecutor.java:284)
	at com.kms.katalon.core.common.CommonExecutor.accessTestCaseMainPhase(CommonExecutor.java:65)
	at com.kms.katalon.core.main.TestSuiteExecutor.accessTestSuiteMainPhase(TestSuiteExecutor.java:144)
	at com.kms.katalon.core.main.TestSuiteExecutor.execute(TestSuiteExecutor.java:106)
	at com.kms.katalon.core.main.TestCaseMain.startTestSuite(TestCaseMain.java:185)
	at com.kms.katalon.core.main.TestCaseMain$startTestSuite$0.call(Unknown Source)
	at TempTestSuite1671557716712.run(TempTestSuite1671557716712.groovy:36)
Caused by: com.kms.katalon.core.webui.exception.WebElementNotFoundException: Web element with id: 'Object Repository/ManageUser/EditButton' located by '(.//*[normalize-space(text()) and normalize-space(.)='Not verified'])[2]/following::li[1]' not found
	at com.kms.katalon.core.webui.common.WebUiCommonHelper.findWebElement(WebUiCommonHelper.java:1370)
	at com.kms.katalon.core.webui.keyword.internal.WebUIAbstractKeyword.findWebElement(WebUIAbstractKeyword.groovy:27)
	at com.kms.katalon.core.webui.keyword.builtin.ClickKeyword$_click_closure1.doCall(ClickKeyword.groovy:65)
	at com.kms.katalon.core.webui.keyword.builtin.ClickKeyword$_click_closure1.call(ClickKeyword.groovy)
	at com.kms.katalon.core.webui.keyword.internal.WebUIKeywordMain.runKeyword(WebUIKeywordMain.groovy:20)
	at com.kms.katalon.core.webui.keyword.builtin.ClickKeyword.click(ClickKeyword.groovy:74)
	at com.kms.katalon.core.webui.keyword.builtin.ClickKeyword.execute(ClickKeyword.groovy:40)
	at com.kms.katalon.core.keyword.internal.KeywordExecutor.executeKeywordForPlatform(KeywordExecutor.groovy:74)
	at com.kms.katalon.core.webui.keyword.WebUiBuiltInKeywords.click(WebUiBuiltInKeywords.groovy:620)
	at com.kms.katalon.core.webui.keyword.WebUiBuiltInKeywords$click$2.call(Unknown Source)
	at Script1670849407172.run(Script1670849407172.groovy:36)
	... 13 more
)

2022-12-21 00:37:08 - [MESSAGE][INFO] - Unable to find the element located by 'By.xpath: (.//*[normalize-space(text()) and normalize-space(.)='Not verified'])[2]/following::li[1]'. Please recheck the objects properties to make sure the desired element is located. 

2022-12-21 00:37:08 - [MESSAGE][FAILED] - Unable to click on object 'Object Repository/ManageUser/EditButton' (Root cause: com.kms.katalon.core.exception.StepFailedException: Unable to click on object 'Object Repository/ManageUser/EditButton'
	at com.kms.katalon.core.webui.keyword.internal.WebUIKeywordMain.stepFailed(WebUIKeywordMain.groovy:64)
	at com.kms.katalon.core.webui.keyword.internal.WebUIKeywordMain.runKeyword(WebUIKeywordMain.groovy:26)
	at com.kms.katalon.core.webui.keyword.builtin.ClickKeyword.click(ClickKeyword.groovy:74)
	at com.kms.katalon.core.webui.keyword.builtin.ClickKeyword.execute(ClickKeyword.groovy:40)
	at com.kms.katalon.core.keyword.internal.KeywordExecutor.executeKeywordForPlatform(KeywordExecutor.groovy:74)
	at com.kms.katalon.core.webui.keyword.WebUiBuiltInKeywords.click(WebUiBuiltInKeywords.groovy:620)
	at com.kms.katalon.core.webui.keyword.WebUiBuiltInKeywords$click$2.call(Unknown Source)
	at BB002_VerifUser.run(BB002_VerifUser:36)
	at com.kms.katalon.core.main.ScriptEngine.run(ScriptEngine.java:194)
	at com.kms.katalon.core.main.ScriptEngine.runScriptAsRawText(ScriptEngine.java:119)
	at com.kms.katalon.core.main.TestCaseExecutor.runScript(TestCaseExecutor.java:445)
	at com.kms.katalon.core.main.TestCaseExecutor.doExecute(TestCaseExecutor.java:436)
	at com.kms.katalon.core.main.TestCaseExecutor.processExecutionPhase(TestCaseExecutor.java:415)
	at com.kms.katalon.core.main.TestCaseExecutor.accessMainPhase(TestCaseExecutor.java:407)
	at com.kms.katalon.core.main.TestCaseExecutor.execute(TestCaseExecutor.java:284)
	at com.kms.katalon.core.common.CommonExecutor.accessTestCaseMainPhase(CommonExecutor.java:65)
	at com.kms.katalon.core.main.TestSuiteExecutor.accessTestSuiteMainPhase(TestSuiteExecutor.java:144)
	at com.kms.katalon.core.main.TestSuiteExecutor.execute(TestSuiteExecutor.java:106)
	at com.kms.katalon.core.main.TestCaseMain.startTestSuite(TestCaseMain.java:185)
	at com.kms.katalon.core.main.TestCaseMain$startTestSuite$0.call(Unknown Source)
	at TempTestSuite1671557716712.run(TempTestSuite1671557716712.groovy:36)
Caused by: com.kms.katalon.core.webui.exception.WebElementNotFoundException: Web element with id: 'Object Repository/ManageUser/EditButton' located by '(.//*[normalize-space(text()) and normalize-space(.)='Not verified'])[2]/following::li[1]' not found
	at com.kms.katalon.core.webui.common.WebUiCommonHelper.findWebElement(WebUiCommonHelper.java:1370)
	at com.kms.katalon.core.webui.keyword.internal.WebUIAbstractKeyword.findWebElement(WebUIAbstractKeyword.groovy:27)
	at com.kms.katalon.core.webui.keyword.builtin.ClickKeyword$_click_closure1.doCall(ClickKeyword.groovy:65)
	at com.kms.katalon.core.webui.keyword.builtin.ClickKeyword$_click_closure1.call(ClickKeyword.groovy)
	at com.kms.katalon.core.webui.keyword.internal.WebUIKeywordMain.runKeyword(WebUIKeywordMain.groovy:20)
	at com.kms.katalon.core.webui.keyword.builtin.ClickKeyword.click(ClickKeyword.groovy:74)
	at com.kms.katalon.core.webui.keyword.builtin.ClickKeyword.execute(ClickKeyword.groovy:40)
	at com.kms.katalon.core.keyword.internal.KeywordExecutor.executeKeywordForPlatform(KeywordExecutor.groovy:74)
	at com.kms.katalon.core.webui.keyword.WebUiBuiltInKeywords.click(WebUiBuiltInKeywords.groovy:620)
	at com.kms.katalon.core.webui.keyword.WebUiBuiltInKeywords$click$2.call(Unknown Source)
	at Script1670849407172.run(Script1670849407172.groovy:36)
	... 13 more
)
[[ATTACHMENT|C:\\Users\\User\\git\\QE_Web\\Reports\\20221221_003516\\RegressionWeb\\20221221_003516\\1671557828122.png]]]]></system-out>
         <system-err><![CDATA[2022-12-21 00:36:24 - [TEST_CASE][FAILED] - Test Cases/BB002_VerifUser: Test Cases/BB002_VerifUser FAILED.
Reason:
com.kms.katalon.core.exception.StepFailedException: Unable to click on object 'Object Repository/ManageUser/EditButton'
	at com.kms.katalon.core.webui.keyword.internal.WebUIKeywordMain.stepFailed(WebUIKeywordMain.groovy:64)
	at com.kms.katalon.core.webui.keyword.internal.WebUIKeywordMain.runKeyword(WebUIKeywordMain.groovy:26)
	at com.kms.katalon.core.webui.keyword.builtin.ClickKeyword.click(ClickKeyword.groovy:74)
	at com.kms.katalon.core.webui.keyword.builtin.ClickKeyword.execute(ClickKeyword.groovy:40)
	at com.kms.katalon.core.keyword.internal.KeywordExecutor.executeKeywordForPlatform(KeywordExecutor.groovy:74)
	at com.kms.katalon.core.webui.keyword.WebUiBuiltInKeywords.click(WebUiBuiltInKeywords.groovy:620)
	at com.kms.katalon.core.webui.keyword.WebUiBuiltInKeywords$click$2.call(Unknown Source)
	at BB002_VerifUser.run(BB002_VerifUser:36)
	at com.kms.katalon.core.main.ScriptEngine.run(ScriptEngine.java:194)
	at com.kms.katalon.core.main.ScriptEngine.runScriptAsRawText(ScriptEngine.java:119)
	at com.kms.katalon.core.main.TestCaseExecutor.runScript(TestCaseExecutor.java:445)
	at com.kms.katalon.core.main.TestCaseExecutor.doExecute(TestCaseExecutor.java:436)
	at com.kms.katalon.core.main.TestCaseExecutor.processExecutionPhase(TestCaseExecutor.java:415)
	at com.kms.katalon.core.main.TestCaseExecutor.accessMainPhase(TestCaseExecutor.java:407)
	at com.kms.katalon.core.main.TestCaseExecutor.execute(TestCaseExecutor.java:284)
	at com.kms.katalon.core.common.CommonExecutor.accessTestCaseMainPhase(CommonExecutor.java:65)
	at com.kms.katalon.core.main.TestSuiteExecutor.accessTestSuiteMainPhase(TestSuiteExecutor.java:144)
	at com.kms.katalon.core.main.TestSuiteExecutor.execute(TestSuiteExecutor.java:106)
	at com.kms.katalon.core.main.TestCaseMain.startTestSuite(TestCaseMain.java:185)
	at com.kms.katalon.core.main.TestCaseMain$startTestSuite$0.call(Unknown Source)
	at TempTestSuite1671557716712.run(TempTestSuite1671557716712.groovy:36)
Caused by: com.kms.katalon.core.webui.exception.WebElementNotFoundException: Web element with id: 'Object Repository/ManageUser/EditButton' located by '(.//*[normalize-space(text()) and normalize-space(.)='Not verified'])[2]/following::li[1]' not found
	at com.kms.katalon.core.webui.common.WebUiCommonHelper.findWebElement(WebUiCommonHelper.java:1370)
	at com.kms.katalon.core.webui.keyword.internal.WebUIAbstractKeyword.findWebElement(WebUIAbstractKeyword.groovy:27)
	at com.kms.katalon.core.webui.keyword.builtin.ClickKeyword$_click_closure1.doCall(ClickKeyword.groovy:65)
	at com.kms.katalon.core.webui.keyword.builtin.ClickKeyword$_click_closure1.call(ClickKeyword.groovy)
	at com.kms.katalon.core.webui.keyword.internal.WebUIKeywordMain.runKeyword(WebUIKeywordMain.groovy:20)
	... 19 more]]></system-err>
      </testcase>
      <testcase name="Test Cases/BB003_UnverifUser" time="44.571" classname="Test Cases/BB003_UnverifUser" status="FAILED">
         <failure type="FAILED" message="Test Cases/BB003_UnverifUser FAILED.
Reason:
com.kms.katalon.core.exception.StepFailedException: Unable to click on object 'Object Repository/ManageUser/EditButton'
	at com.kms.katalon.core.webui.keyword.internal.WebUIKeywordMain.stepFailed(WebUIKeywordMain.groovy:64)
	at com.kms.katalon.core.webui.keyword.internal.WebUIKeywordMain.runKeyword(WebUIKeywordMain.groovy:26)
	at com.kms.katalon.core.webui.keyword.builtin.ClickKeyword.click(ClickKeyword.groovy:74)
	at com.kms.katalon.core.webui.keyword.builtin.ClickKeyword.execute(ClickKeyword.groovy:40)
	at com.kms.katalon.core.keyword.internal.KeywordExecutor.executeKeywordForPlatform(KeywordExecutor.groovy:74)
	at com.kms.katalon.core.webui.keyword.WebUiBuiltInKeywords.click(WebUiBuiltInKeywords.groovy:620)
	at com.kms.katalon.core.webui.keyword.WebUiBuiltInKeywords$click$2.call(Unknown Source)
	at BB003_UnverifUser.run(BB003_UnverifUser:36)
	at com.kms.katalon.core.main.ScriptEngine.run(ScriptEngine.java:194)
	at com.kms.katalon.core.main.ScriptEngine.runScriptAsRawText(ScriptEngine.java:119)
	at com.kms.katalon.core.main.TestCaseExecutor.runScript(TestCaseExecutor.java:445)
	at com.kms.katalon.core.main.TestCaseExecutor.doExecute(TestCaseExecutor.java:436)
	at com.kms.katalon.core.main.TestCaseExecutor.processExecutionPhase(TestCaseExecutor.java:415)
	at com.kms.katalon.core.main.TestCaseExecutor.accessMainPhase(TestCaseExecutor.java:407)
	at com.kms.katalon.core.main.TestCaseExecutor.execute(TestCaseExecutor.java:284)
	at com.kms.katalon.core.common.CommonExecutor.accessTestCaseMainPhase(CommonExecutor.java:65)
	at com.kms.katalon.core.main.TestSuiteExecutor.accessTestSuiteMainPhase(TestSuiteExecutor.java:144)
	at com.kms.katalon.core.main.TestSuiteExecutor.execute(TestSuiteExecutor.java:106)
	at com.kms.katalon.core.main.TestCaseMain.startTestSuite(TestCaseMain.java:185)
	at com.kms.katalon.core.main.TestCaseMain$startTestSuite$0.call(Unknown Source)
	at TempTestSuite1671557716712.run(TempTestSuite1671557716712.groovy:36)
Caused by: com.kms.katalon.core.webui.exception.WebElementNotFoundException: Web element with id: 'Object Repository/ManageUser/EditButton' located by '(.//*[normalize-space(text()) and normalize-space(.)='Not verified'])[2]/following::li[1]' not found
	at com.kms.katalon.core.webui.common.WebUiCommonHelper.findWebElement(WebUiCommonHelper.java:1370)
	at com.kms.katalon.core.webui.keyword.internal.WebUIAbstractKeyword.findWebElement(WebUIAbstractKeyword.groovy:27)
	at com.kms.katalon.core.webui.keyword.builtin.ClickKeyword$_click_closure1.doCall(ClickKeyword.groovy:65)
	at com.kms.katalon.core.webui.keyword.builtin.ClickKeyword$_click_closure1.call(ClickKeyword.groovy)
	at com.kms.katalon.core.webui.keyword.internal.WebUIKeywordMain.runKeyword(WebUIKeywordMain.groovy:20)
	... 19 more
"/>
         <system-out><![CDATA[2022-12-21 00:37:08 - [TEST_CASE][FAILED] - Test Cases/BB003_UnverifUser: Test Cases/BB003_UnverifUser FAILED.
Reason:
com.kms.katalon.core.exception.StepFailedException: Unable to click on object 'Object Repository/ManageUser/EditButton'
	at com.kms.katalon.core.webui.keyword.internal.WebUIKeywordMain.stepFailed(WebUIKeywordMain.groovy:64)
	at com.kms.katalon.core.webui.keyword.internal.WebUIKeywordMain.runKeyword(WebUIKeywordMain.groovy:26)
	at com.kms.katalon.core.webui.keyword.builtin.ClickKeyword.click(ClickKeyword.groovy:74)
	at com.kms.katalon.core.webui.keyword.builtin.ClickKeyword.execute(ClickKeyword.groovy:40)
	at com.kms.katalon.core.keyword.internal.KeywordExecutor.executeKeywordForPlatform(KeywordExecutor.groovy:74)
	at com.kms.katalon.core.webui.keyword.WebUiBuiltInKeywords.click(WebUiBuiltInKeywords.groovy:620)
	at com.kms.katalon.core.webui.keyword.WebUiBuiltInKeywords$click$2.call(Unknown Source)
	at BB003_UnverifUser.run(BB003_UnverifUser:36)
	at com.kms.katalon.core.main.ScriptEngine.run(ScriptEngine.java:194)
	at com.kms.katalon.core.main.ScriptEngine.runScriptAsRawText(ScriptEngine.java:119)
	at com.kms.katalon.core.main.TestCaseExecutor.runScript(TestCaseExecutor.java:445)
	at com.kms.katalon.core.main.TestCaseExecutor.doExecute(TestCaseExecutor.java:436)
	at com.kms.katalon.core.main.TestCaseExecutor.processExecutionPhase(TestCaseExecutor.java:415)
	at com.kms.katalon.core.main.TestCaseExecutor.accessMainPhase(TestCaseExecutor.java:407)
	at com.kms.katalon.core.main.TestCaseExecutor.execute(TestCaseExecutor.java:284)
	at com.kms.katalon.core.common.CommonExecutor.accessTestCaseMainPhase(CommonExecutor.java:65)
	at com.kms.katalon.core.main.TestSuiteExecutor.accessTestSuiteMainPhase(TestSuiteExecutor.java:144)
	at com.kms.katalon.core.main.TestSuiteExecutor.execute(TestSuiteExecutor.java:106)
	at com.kms.katalon.core.main.TestCaseMain.startTestSuite(TestCaseMain.java:185)
	at com.kms.katalon.core.main.TestCaseMain$startTestSuite$0.call(Unknown Source)
	at TempTestSuite1671557716712.run(TempTestSuite1671557716712.groovy:36)
Caused by: com.kms.katalon.core.webui.exception.WebElementNotFoundException: Web element with id: 'Object Repository/ManageUser/EditButton' located by '(.//*[normalize-space(text()) and normalize-space(.)='Not verified'])[2]/following::li[1]' not found
	at com.kms.katalon.core.webui.common.WebUiCommonHelper.findWebElement(WebUiCommonHelper.java:1370)
	at com.kms.katalon.core.webui.keyword.internal.WebUIAbstractKeyword.findWebElement(WebUIAbstractKeyword.groovy:27)
	at com.kms.katalon.core.webui.keyword.builtin.ClickKeyword$_click_closure1.doCall(ClickKeyword.groovy:65)
	at com.kms.katalon.core.webui.keyword.builtin.ClickKeyword$_click_closure1.call(ClickKeyword.groovy)
	at com.kms.katalon.core.webui.keyword.internal.WebUIKeywordMain.runKeyword(WebUIKeywordMain.groovy:20)
	... 19 more


2022-12-21 00:37:08 - [TEST_STEP][PASSED] - openBrowser(""): Browser is opened with url: ''

2022-12-21 00:37:08 - [MESSAGE][WARNING] - A browser is already opened. Closing browser and opening a new one

2022-12-21 00:37:09 - [MESSAGE][INFO] - Starting 'Chrome' driver

2022-12-21 00:37:09 - [MESSAGE][INFO] - Action delay is set to 0 milliseconds

2022-12-21 00:37:11 - [MESSAGE][PASSED] - Browser is opened with url: ''

2022-12-21 00:37:11 - [TEST_STEP][PASSED] - maximizeWindow(): Current window maximized

2022-12-21 00:37:11 - [MESSAGE][PASSED] - Current window maximized

2022-12-21 00:37:11 - [TEST_STEP][PASSED] - navigateToUrl("https://tes-capstone-website.vercel.app/admin/login"): Navigate to 'https://tes-capstone-website.vercel.app/admin/login' successfully

2022-12-21 00:37:15 - [MESSAGE][PASSED] - Navigate to 'https://tes-capstone-website.vercel.app/admin/login' successfully

2022-12-21 00:37:15 - [TEST_STEP][PASSED] - setText(findTestObject("Auth/Email"), "admin@nyakit.in"): Text 'admin@nyakit.in' is set on object 'Object Repository/Auth/Email'

2022-12-21 00:37:16 - [MESSAGE][PASSED] - Text 'admin@nyakit.in' is set on object 'Object Repository/Auth/Email'

2022-12-21 00:37:16 - [TEST_STEP][PASSED] - setText(findTestObject("Auth/Password"), "@Password123"): Text '@Password123' is set on object 'Object Repository/Auth/Password'

2022-12-21 00:37:16 - [MESSAGE][PASSED] - Text '@Password123' is set on object 'Object Repository/Auth/Password'

2022-12-21 00:37:16 - [TEST_STEP][PASSED] - click(findTestObject("Auth/LoginButton")): Object: 'Object Repository/Auth/LoginButton' is clicked on

2022-12-21 00:37:17 - [MESSAGE][PASSED] - Object: 'Object Repository/Auth/LoginButton' is clicked on

2022-12-21 00:37:17 - [TEST_STEP][PASSED] - click(findTestObject("ManageUser/ManageUser")): Object: 'Object Repository/ManageUser/ManageUser' is clicked on

2022-12-21 00:37:20 - [MESSAGE][PASSED] - Object: 'Object Repository/ManageUser/ManageUser' is clicked on

2022-12-21 00:37:20 - [TEST_STEP][PASSED] - click(findTestObject("ManageUser/Option")): Object: 'Object Repository/ManageUser/Option' is clicked on

2022-12-21 00:37:21 - [MESSAGE][PASSED] - Object: 'Object Repository/ManageUser/Option' is clicked on

2022-12-21 00:37:21 - [TEST_STEP][FAILED] - click(findTestObject("ManageUser/EditButton")): Unable to click on object 'Object Repository/ManageUser/EditButton' (Root cause: com.kms.katalon.core.exception.StepFailedException: Unable to click on object 'Object Repository/ManageUser/EditButton'
	at com.kms.katalon.core.webui.keyword.internal.WebUIKeywordMain.stepFailed(WebUIKeywordMain.groovy:64)
	at com.kms.katalon.core.webui.keyword.internal.WebUIKeywordMain.runKeyword(WebUIKeywordMain.groovy:26)
	at com.kms.katalon.core.webui.keyword.builtin.ClickKeyword.click(ClickKeyword.groovy:74)
	at com.kms.katalon.core.webui.keyword.builtin.ClickKeyword.execute(ClickKeyword.groovy:40)
	at com.kms.katalon.core.keyword.internal.KeywordExecutor.executeKeywordForPlatform(KeywordExecutor.groovy:74)
	at com.kms.katalon.core.webui.keyword.WebUiBuiltInKeywords.click(WebUiBuiltInKeywords.groovy:620)
	at com.kms.katalon.core.webui.keyword.WebUiBuiltInKeywords$click$2.call(Unknown Source)
	at BB003_UnverifUser.run(BB003_UnverifUser:36)
	at com.kms.katalon.core.main.ScriptEngine.run(ScriptEngine.java:194)
	at com.kms.katalon.core.main.ScriptEngine.runScriptAsRawText(ScriptEngine.java:119)
	at com.kms.katalon.core.main.TestCaseExecutor.runScript(TestCaseExecutor.java:445)
	at com.kms.katalon.core.main.TestCaseExecutor.doExecute(TestCaseExecutor.java:436)
	at com.kms.katalon.core.main.TestCaseExecutor.processExecutionPhase(TestCaseExecutor.java:415)
	at com.kms.katalon.core.main.TestCaseExecutor.accessMainPhase(TestCaseExecutor.java:407)
	at com.kms.katalon.core.main.TestCaseExecutor.execute(TestCaseExecutor.java:284)
	at com.kms.katalon.core.common.CommonExecutor.accessTestCaseMainPhase(CommonExecutor.java:65)
	at com.kms.katalon.core.main.TestSuiteExecutor.accessTestSuiteMainPhase(TestSuiteExecutor.java:144)
	at com.kms.katalon.core.main.TestSuiteExecutor.execute(TestSuiteExecutor.java:106)
	at com.kms.katalon.core.main.TestCaseMain.startTestSuite(TestCaseMain.java:185)
	at com.kms.katalon.core.main.TestCaseMain$startTestSuite$0.call(Unknown Source)
	at TempTestSuite1671557716712.run(TempTestSuite1671557716712.groovy:36)
Caused by: com.kms.katalon.core.webui.exception.WebElementNotFoundException: Web element with id: 'Object Repository/ManageUser/EditButton' located by '(.//*[normalize-space(text()) and normalize-space(.)='Not verified'])[2]/following::li[1]' not found
	at com.kms.katalon.core.webui.common.WebUiCommonHelper.findWebElement(WebUiCommonHelper.java:1370)
	at com.kms.katalon.core.webui.keyword.internal.WebUIAbstractKeyword.findWebElement(WebUIAbstractKeyword.groovy:27)
	at com.kms.katalon.core.webui.keyword.builtin.ClickKeyword$_click_closure1.doCall(ClickKeyword.groovy:65)
	at com.kms.katalon.core.webui.keyword.builtin.ClickKeyword$_click_closure1.call(ClickKeyword.groovy)
	at com.kms.katalon.core.webui.keyword.internal.WebUIKeywordMain.runKeyword(WebUIKeywordMain.groovy:20)
	at com.kms.katalon.core.webui.keyword.builtin.ClickKeyword.click(ClickKeyword.groovy:74)
	at com.kms.katalon.core.webui.keyword.builtin.ClickKeyword.execute(ClickKeyword.groovy:40)
	at com.kms.katalon.core.keyword.internal.KeywordExecutor.executeKeywordForPlatform(KeywordExecutor.groovy:74)
	at com.kms.katalon.core.webui.keyword.WebUiBuiltInKeywords.click(WebUiBuiltInKeywords.groovy:620)
	at com.kms.katalon.core.webui.keyword.WebUiBuiltInKeywords$click$2.call(Unknown Source)
	at Script1670852324325.run(Script1670852324325.groovy:36)
	... 13 more
)

2022-12-21 00:37:52 - [MESSAGE][INFO] - Unable to find the element located by 'By.xpath: (.//*[normalize-space(text()) and normalize-space(.)='Not verified'])[2]/following::li[1]'. Please recheck the objects properties to make sure the desired element is located. 

2022-12-21 00:37:52 - [MESSAGE][FAILED] - Unable to click on object 'Object Repository/ManageUser/EditButton' (Root cause: com.kms.katalon.core.exception.StepFailedException: Unable to click on object 'Object Repository/ManageUser/EditButton'
	at com.kms.katalon.core.webui.keyword.internal.WebUIKeywordMain.stepFailed(WebUIKeywordMain.groovy:64)
	at com.kms.katalon.core.webui.keyword.internal.WebUIKeywordMain.runKeyword(WebUIKeywordMain.groovy:26)
	at com.kms.katalon.core.webui.keyword.builtin.ClickKeyword.click(ClickKeyword.groovy:74)
	at com.kms.katalon.core.webui.keyword.builtin.ClickKeyword.execute(ClickKeyword.groovy:40)
	at com.kms.katalon.core.keyword.internal.KeywordExecutor.executeKeywordForPlatform(KeywordExecutor.groovy:74)
	at com.kms.katalon.core.webui.keyword.WebUiBuiltInKeywords.click(WebUiBuiltInKeywords.groovy:620)
	at com.kms.katalon.core.webui.keyword.WebUiBuiltInKeywords$click$2.call(Unknown Source)
	at BB003_UnverifUser.run(BB003_UnverifUser:36)
	at com.kms.katalon.core.main.ScriptEngine.run(ScriptEngine.java:194)
	at com.kms.katalon.core.main.ScriptEngine.runScriptAsRawText(ScriptEngine.java:119)
	at com.kms.katalon.core.main.TestCaseExecutor.runScript(TestCaseExecutor.java:445)
	at com.kms.katalon.core.main.TestCaseExecutor.doExecute(TestCaseExecutor.java:436)
	at com.kms.katalon.core.main.TestCaseExecutor.processExecutionPhase(TestCaseExecutor.java:415)
	at com.kms.katalon.core.main.TestCaseExecutor.accessMainPhase(TestCaseExecutor.java:407)
	at com.kms.katalon.core.main.TestCaseExecutor.execute(TestCaseExecutor.java:284)
	at com.kms.katalon.core.common.CommonExecutor.accessTestCaseMainPhase(CommonExecutor.java:65)
	at com.kms.katalon.core.main.TestSuiteExecutor.accessTestSuiteMainPhase(TestSuiteExecutor.java:144)
	at com.kms.katalon.core.main.TestSuiteExecutor.execute(TestSuiteExecutor.java:106)
	at com.kms.katalon.core.main.TestCaseMain.startTestSuite(TestCaseMain.java:185)
	at com.kms.katalon.core.main.TestCaseMain$startTestSuite$0.call(Unknown Source)
	at TempTestSuite1671557716712.run(TempTestSuite1671557716712.groovy:36)
Caused by: com.kms.katalon.core.webui.exception.WebElementNotFoundException: Web element with id: 'Object Repository/ManageUser/EditButton' located by '(.//*[normalize-space(text()) and normalize-space(.)='Not verified'])[2]/following::li[1]' not found
	at com.kms.katalon.core.webui.common.WebUiCommonHelper.findWebElement(WebUiCommonHelper.java:1370)
	at com.kms.katalon.core.webui.keyword.internal.WebUIAbstractKeyword.findWebElement(WebUIAbstractKeyword.groovy:27)
	at com.kms.katalon.core.webui.keyword.builtin.ClickKeyword$_click_closure1.doCall(ClickKeyword.groovy:65)
	at com.kms.katalon.core.webui.keyword.builtin.ClickKeyword$_click_closure1.call(ClickKeyword.groovy)
	at com.kms.katalon.core.webui.keyword.internal.WebUIKeywordMain.runKeyword(WebUIKeywordMain.groovy:20)
	at com.kms.katalon.core.webui.keyword.builtin.ClickKeyword.click(ClickKeyword.groovy:74)
	at com.kms.katalon.core.webui.keyword.builtin.ClickKeyword.execute(ClickKeyword.groovy:40)
	at com.kms.katalon.core.keyword.internal.KeywordExecutor.executeKeywordForPlatform(KeywordExecutor.groovy:74)
	at com.kms.katalon.core.webui.keyword.WebUiBuiltInKeywords.click(WebUiBuiltInKeywords.groovy:620)
	at com.kms.katalon.core.webui.keyword.WebUiBuiltInKeywords$click$2.call(Unknown Source)
	at Script1670852324325.run(Script1670852324325.groovy:36)
	... 13 more
)
[[ATTACHMENT|C:\\Users\\User\\git\\QE_Web\\Reports\\20221221_003516\\RegressionWeb\\20221221_003516\\1671557872771.png]]]]></system-out>
         <system-err><![CDATA[2022-12-21 00:37:08 - [TEST_CASE][FAILED] - Test Cases/BB003_UnverifUser: Test Cases/BB003_UnverifUser FAILED.
Reason:
com.kms.katalon.core.exception.StepFailedException: Unable to click on object 'Object Repository/ManageUser/EditButton'
	at com.kms.katalon.core.webui.keyword.internal.WebUIKeywordMain.stepFailed(WebUIKeywordMain.groovy:64)
	at com.kms.katalon.core.webui.keyword.internal.WebUIKeywordMain.runKeyword(WebUIKeywordMain.groovy:26)
	at com.kms.katalon.core.webui.keyword.builtin.ClickKeyword.click(ClickKeyword.groovy:74)
	at com.kms.katalon.core.webui.keyword.builtin.ClickKeyword.execute(ClickKeyword.groovy:40)
	at com.kms.katalon.core.keyword.internal.KeywordExecutor.executeKeywordForPlatform(KeywordExecutor.groovy:74)
	at com.kms.katalon.core.webui.keyword.WebUiBuiltInKeywords.click(WebUiBuiltInKeywords.groovy:620)
	at com.kms.katalon.core.webui.keyword.WebUiBuiltInKeywords$click$2.call(Unknown Source)
	at BB003_UnverifUser.run(BB003_UnverifUser:36)
	at com.kms.katalon.core.main.ScriptEngine.run(ScriptEngine.java:194)
	at com.kms.katalon.core.main.ScriptEngine.runScriptAsRawText(ScriptEngine.java:119)
	at com.kms.katalon.core.main.TestCaseExecutor.runScript(TestCaseExecutor.java:445)
	at com.kms.katalon.core.main.TestCaseExecutor.doExecute(TestCaseExecutor.java:436)
	at com.kms.katalon.core.main.TestCaseExecutor.processExecutionPhase(TestCaseExecutor.java:415)
	at com.kms.katalon.core.main.TestCaseExecutor.accessMainPhase(TestCaseExecutor.java:407)
	at com.kms.katalon.core.main.TestCaseExecutor.execute(TestCaseExecutor.java:284)
	at com.kms.katalon.core.common.CommonExecutor.accessTestCaseMainPhase(CommonExecutor.java:65)
	at com.kms.katalon.core.main.TestSuiteExecutor.accessTestSuiteMainPhase(TestSuiteExecutor.java:144)
	at com.kms.katalon.core.main.TestSuiteExecutor.execute(TestSuiteExecutor.java:106)
	at com.kms.katalon.core.main.TestCaseMain.startTestSuite(TestCaseMain.java:185)
	at com.kms.katalon.core.main.TestCaseMain$startTestSuite$0.call(Unknown Source)
	at TempTestSuite1671557716712.run(TempTestSuite1671557716712.groovy:36)
Caused by: com.kms.katalon.core.webui.exception.WebElementNotFoundException: Web element with id: 'Object Repository/ManageUser/EditButton' located by '(.//*[normalize-space(text()) and normalize-space(.)='Not verified'])[2]/following::li[1]' not found
	at com.kms.katalon.core.webui.common.WebUiCommonHelper.findWebElement(WebUiCommonHelper.java:1370)
	at com.kms.katalon.core.webui.keyword.internal.WebUIAbstractKeyword.findWebElement(WebUIAbstractKeyword.groovy:27)
	at com.kms.katalon.core.webui.keyword.builtin.ClickKeyword$_click_closure1.doCall(ClickKeyword.groovy:65)
	at com.kms.katalon.core.webui.keyword.builtin.ClickKeyword$_click_closure1.call(ClickKeyword.groovy)
	at com.kms.katalon.core.webui.keyword.internal.WebUIKeywordMain.runKeyword(WebUIKeywordMain.groovy:20)
	... 19 more]]></system-err>
      </testcase>
      <testcase name="Test Cases/BB005_SearchUser" time="13.664" classname="Test Cases/BB005_SearchUser" status="PASSED">
         <system-out><![CDATA[2022-12-21 00:37:52 - [TEST_CASE][PASSED] - Test Cases/BB005_SearchUser: Test Cases/BB005_SearchUser

2022-12-21 00:37:53 - [TEST_STEP][PASSED] - openBrowser(""): Browser is opened with url: ''

2022-12-21 00:37:53 - [MESSAGE][WARNING] - A browser is already opened. Closing browser and opening a new one

2022-12-21 00:37:53 - [MESSAGE][INFO] - Starting 'Chrome' driver

2022-12-21 00:37:53 - [MESSAGE][INFO] - Action delay is set to 0 milliseconds

2022-12-21 00:37:55 - [MESSAGE][PASSED] - Browser is opened with url: ''

2022-12-21 00:37:55 - [TEST_STEP][PASSED] - maximizeWindow(): Current window maximized

2022-12-21 00:37:55 - [MESSAGE][PASSED] - Current window maximized

2022-12-21 00:37:55 - [TEST_STEP][PASSED] - navigateToUrl("https://tes-capstone-website.vercel.app/admin/login"): Navigate to 'https://tes-capstone-website.vercel.app/admin/login' successfully

2022-12-21 00:37:58 - [MESSAGE][PASSED] - Navigate to 'https://tes-capstone-website.vercel.app/admin/login' successfully

2022-12-21 00:37:58 - [TEST_STEP][PASSED] - setText(findTestObject("Auth/Email"), "rnd.rindhu@gmail.com"): Text 'rnd.rindhu@gmail.com' is set on object 'Object Repository/Auth/Email'

2022-12-21 00:37:59 - [MESSAGE][PASSED] - Text 'rnd.rindhu@gmail.com' is set on object 'Object Repository/Auth/Email'

2022-12-21 00:37:59 - [TEST_STEP][PASSED] - setText(findTestObject("Auth/Password"), "@Password123"): Text '@Password123' is set on object 'Object Repository/Auth/Password'

2022-12-21 00:38:00 - [MESSAGE][PASSED] - Text '@Password123' is set on object 'Object Repository/Auth/Password'

2022-12-21 00:38:00 - [TEST_STEP][PASSED] - click(findTestObject("Auth/LoginButton")): Object: 'Object Repository/Auth/LoginButton' is clicked on

2022-12-21 00:38:00 - [MESSAGE][PASSED] - Object: 'Object Repository/Auth/LoginButton' is clicked on

2022-12-21 00:38:00 - [TEST_STEP][PASSED] - click(findTestObject("ManageUser/ManageUser")): Object: 'Object Repository/ManageUser/ManageUser' is clicked on

2022-12-21 00:38:04 - [MESSAGE][PASSED] - Object: 'Object Repository/ManageUser/ManageUser' is clicked on

2022-12-21 00:38:04 - [TEST_STEP][PASSED] - setText(findTestObject("ManageUser/Search"), "rin"): Text 'rin' is set on object 'Object Repository/ManageUser/Search'

2022-12-21 00:38:05 - [MESSAGE][PASSED] - Text 'rin' is set on object 'Object Repository/ManageUser/Search'

2022-12-21 00:38:05 - [TEST_STEP][PASSED] - closeBrowser(): Browser is closed

2022-12-21 00:38:06 - [MESSAGE][PASSED] - Browser is closed]]></system-out>
         <system-err><![CDATA[]]></system-err>
      </testcase>
      <testcase name="Test Cases/BC001_ViewTransaksi" time="12.195" classname="Test Cases/BC001_ViewTransaksi" status="PASSED">
         <system-out><![CDATA[2022-12-21 00:38:06 - [TEST_CASE][PASSED] - Test Cases/BC001_ViewTransaksi: Test Cases/BC001_ViewTransaksi

2022-12-21 00:38:07 - [TEST_STEP][PASSED] - openBrowser(""): Browser is opened with url: ''

2022-12-21 00:38:07 - [MESSAGE][INFO] - Starting 'Chrome' driver

2022-12-21 00:38:07 - [MESSAGE][INFO] - Action delay is set to 0 milliseconds

2022-12-21 00:38:08 - [MESSAGE][PASSED] - Browser is opened with url: ''

2022-12-21 00:38:08 - [TEST_STEP][PASSED] - maximizeWindow(): Current window maximized

2022-12-21 00:38:08 - [MESSAGE][PASSED] - Current window maximized

2022-12-21 00:38:08 - [TEST_STEP][PASSED] - navigateToUrl("https://tes-capstone-website.vercel.app/admin/login"): Navigate to 'https://tes-capstone-website.vercel.app/admin/login' successfully

2022-12-21 00:38:12 - [MESSAGE][PASSED] - Navigate to 'https://tes-capstone-website.vercel.app/admin/login' successfully

2022-12-21 00:38:12 - [TEST_STEP][PASSED] - setText(findTestObject("Auth/Email"), "admin@nyakit.in"): Text 'admin@nyakit.in' is set on object 'Object Repository/Auth/Email'

2022-12-21 00:38:13 - [MESSAGE][PASSED] - Text 'admin@nyakit.in' is set on object 'Object Repository/Auth/Email'

2022-12-21 00:38:13 - [TEST_STEP][PASSED] - setText(findTestObject("Auth/Password"), "@Password123"): Text '@Password123' is set on object 'Object Repository/Auth/Password'

2022-12-21 00:38:14 - [MESSAGE][PASSED] - Text '@Password123' is set on object 'Object Repository/Auth/Password'

2022-12-21 00:38:14 - [TEST_STEP][PASSED] - click(findTestObject("Auth/LoginButton")): Object: 'Object Repository/Auth/LoginButton' is clicked on

2022-12-21 00:38:14 - [MESSAGE][PASSED] - Object: 'Object Repository/Auth/LoginButton' is clicked on

2022-12-21 00:38:14 - [TEST_STEP][PASSED] - click(findTestObject("ManageTransaksi/ManageTransaksi")): Object: 'Object Repository/ManageTransaksi/ManageTransaksi' is clicked on

2022-12-21 00:38:17 - [MESSAGE][PASSED] - Object: 'Object Repository/ManageTransaksi/ManageTransaksi' is clicked on

2022-12-21 00:38:17 - [TEST_STEP][PASSED] - closeBrowser(): Browser is closed

2022-12-21 00:38:18 - [MESSAGE][PASSED] - Browser is closed]]></system-out>
         <system-err><![CDATA[]]></system-err>
      </testcase>
      <testcase name="Test Cases/BC002_TransSuccess" time="18.548" classname="Test Cases/BC002_TransSuccess" status="PASSED">
         <system-out><![CDATA[2022-12-21 00:38:18 - [TEST_CASE][PASSED] - Test Cases/BC002_TransSuccess: Test Cases/BC002_TransSuccess

2022-12-21 00:38:19 - [TEST_STEP][PASSED] - openBrowser(""): Browser is opened with url: ''

2022-12-21 00:38:19 - [MESSAGE][INFO] - Starting 'Chrome' driver

2022-12-21 00:38:19 - [MESSAGE][INFO] - Action delay is set to 0 milliseconds

2022-12-21 00:38:20 - [MESSAGE][PASSED] - Browser is opened with url: ''

2022-12-21 00:38:20 - [TEST_STEP][PASSED] - maximizeWindow(): Current window maximized

2022-12-21 00:38:20 - [MESSAGE][PASSED] - Current window maximized

2022-12-21 00:38:20 - [TEST_STEP][PASSED] - navigateToUrl("https://tes-capstone-website.vercel.app/admin/login"): Navigate to 'https://tes-capstone-website.vercel.app/admin/login' successfully

2022-12-21 00:38:26 - [MESSAGE][PASSED] - Navigate to 'https://tes-capstone-website.vercel.app/admin/login' successfully

2022-12-21 00:38:26 - [TEST_STEP][PASSED] - setText(findTestObject("Auth/Email"), "admin@nyakit.in"): Text 'admin@nyakit.in' is set on object 'Object Repository/Auth/Email'

2022-12-21 00:38:27 - [MESSAGE][PASSED] - Text 'admin@nyakit.in' is set on object 'Object Repository/Auth/Email'

2022-12-21 00:38:27 - [TEST_STEP][PASSED] - setText(findTestObject("Auth/Password"), "@Password123"): Text '@Password123' is set on object 'Object Repository/Auth/Password'

2022-12-21 00:38:28 - [MESSAGE][PASSED] - Text '@Password123' is set on object 'Object Repository/Auth/Password'

2022-12-21 00:38:28 - [TEST_STEP][PASSED] - click(findTestObject("Auth/LoginButton")): Object: 'Object Repository/Auth/LoginButton' is clicked on

2022-12-21 00:38:29 - [MESSAGE][PASSED] - Object: 'Object Repository/Auth/LoginButton' is clicked on

2022-12-21 00:38:29 - [TEST_STEP][PASSED] - click(findTestObject("ManageTransaksi/ManageTransaksi")): Object: 'Object Repository/ManageTransaksi/ManageTransaksi' is clicked on

2022-12-21 00:38:32 - [MESSAGE][PASSED] - Object: 'Object Repository/ManageTransaksi/ManageTransaksi' is clicked on

2022-12-21 00:38:32 - [TEST_STEP][PASSED] - click(findTestObject("ManageTransaksi/Option")): Object: 'Object Repository/ManageTransaksi/Option' is clicked on

2022-12-21 00:38:33 - [MESSAGE][PASSED] - Object: 'Object Repository/ManageTransaksi/Option' is clicked on

2022-12-21 00:38:33 - [TEST_STEP][PASSED] - click(findTestObject("ManageTransaksi/Edit")): Object: 'Object Repository/ManageTransaksi/Edit' is clicked on

2022-12-21 00:38:34 - [MESSAGE][PASSED] - Object: 'Object Repository/ManageTransaksi/Edit' is clicked on

2022-12-21 00:38:34 - [TEST_STEP][PASSED] - selectOptionByValue(findTestObject("ManageTransaksi/PilihDisini"), "SUCCESS", true): All options with value 'SUCCESS' are selected in object 'Object Repository/ManageTransaksi/PilihDisini'  using regular expression

2022-12-21 00:38:36 - [MESSAGE][PASSED] - All options with value 'SUCCESS' are selected in object 'Object Repository/ManageTransaksi/PilihDisini'  using regular expression

2022-12-21 00:38:36 - [TEST_STEP][PASSED] - click(findTestObject("ManageTransaksi/simpan")): Object: 'Object Repository/ManageTransaksi/simpan' is clicked on

2022-12-21 00:38:36 - [MESSAGE][PASSED] - Object: 'Object Repository/ManageTransaksi/simpan' is clicked on

2022-12-21 00:38:36 - [TEST_STEP][PASSED] - closeBrowser(): Browser is closed

2022-12-21 00:38:37 - [MESSAGE][PASSED] - Browser is closed]]></system-out>
         <system-err><![CDATA[]]></system-err>
      </testcase>
      <testcase name="Test Cases/BC003_TransPending" time="16.057" classname="Test Cases/BC003_TransPending" status="PASSED">
         <system-out><![CDATA[2022-12-21 00:38:37 - [TEST_CASE][PASSED] - Test Cases/BC003_TransPending: Test Cases/BC003_TransPending

2022-12-21 00:38:37 - [TEST_STEP][PASSED] - openBrowser(""): Browser is opened with url: ''

2022-12-21 00:38:37 - [MESSAGE][INFO] - Starting 'Chrome' driver

2022-12-21 00:38:37 - [MESSAGE][INFO] - Action delay is set to 0 milliseconds

2022-12-21 00:38:38 - [MESSAGE][PASSED] - Browser is opened with url: ''

2022-12-21 00:38:38 - [TEST_STEP][PASSED] - maximizeWindow(): Current window maximized

2022-12-21 00:38:39 - [MESSAGE][PASSED] - Current window maximized

2022-12-21 00:38:39 - [TEST_STEP][PASSED] - navigateToUrl("https://tes-capstone-website.vercel.app/admin/login"): Navigate to 'https://tes-capstone-website.vercel.app/admin/login' successfully

2022-12-21 00:38:42 - [MESSAGE][PASSED] - Navigate to 'https://tes-capstone-website.vercel.app/admin/login' successfully

2022-12-21 00:38:42 - [TEST_STEP][PASSED] - setText(findTestObject("Auth/Email"), "admin@nyakit.in"): Text 'admin@nyakit.in' is set on object 'Object Repository/Auth/Email'

2022-12-21 00:38:43 - [MESSAGE][PASSED] - Text 'admin@nyakit.in' is set on object 'Object Repository/Auth/Email'

2022-12-21 00:38:43 - [TEST_STEP][PASSED] - setText(findTestObject("Auth/Password"), "@Password123"): Text '@Password123' is set on object 'Object Repository/Auth/Password'

2022-12-21 00:38:44 - [MESSAGE][PASSED] - Text '@Password123' is set on object 'Object Repository/Auth/Password'

2022-12-21 00:38:44 - [TEST_STEP][PASSED] - click(findTestObject("Auth/LoginButton")): Object: 'Object Repository/Auth/LoginButton' is clicked on

2022-12-21 00:38:44 - [MESSAGE][PASSED] - Object: 'Object Repository/Auth/LoginButton' is clicked on

2022-12-21 00:38:44 - [TEST_STEP][PASSED] - click(findTestObject("ManageTransaksi/ManageTransaksi")): Object: 'Object Repository/ManageTransaksi/ManageTransaksi' is clicked on

2022-12-21 00:38:48 - [MESSAGE][PASSED] - Object: 'Object Repository/ManageTransaksi/ManageTransaksi' is clicked on

2022-12-21 00:38:48 - [TEST_STEP][PASSED] - click(findTestObject("ManageTransaksi/Option")): Object: 'Object Repository/ManageTransaksi/Option' is clicked on

2022-12-21 00:38:49 - [MESSAGE][PASSED] - Object: 'Object Repository/ManageTransaksi/Option' is clicked on

2022-12-21 00:38:49 - [TEST_STEP][PASSED] - click(findTestObject("ManageTransaksi/Edit")): Object: 'Object Repository/ManageTransaksi/Edit' is clicked on

2022-12-21 00:38:50 - [MESSAGE][PASSED] - Object: 'Object Repository/ManageTransaksi/Edit' is clicked on

2022-12-21 00:38:50 - [TEST_STEP][PASSED] - selectOptionByValue(findTestObject("ManageTransaksi/PilihDisini"), "PENDING", true): All options with value 'PENDING' are selected in object 'Object Repository/ManageTransaksi/PilihDisini'  using regular expression

2022-12-21 00:38:52 - [MESSAGE][PASSED] - All options with value 'PENDING' are selected in object 'Object Repository/ManageTransaksi/PilihDisini'  using regular expression

2022-12-21 00:38:52 - [TEST_STEP][PASSED] - click(findTestObject("ManageTransaksi/simpan")): Object: 'Object Repository/ManageTransaksi/simpan' is clicked on

2022-12-21 00:38:52 - [MESSAGE][PASSED] - Object: 'Object Repository/ManageTransaksi/simpan' is clicked on

2022-12-21 00:38:52 - [TEST_STEP][PASSED] - closeBrowser(): Browser is closed

2022-12-21 00:38:53 - [MESSAGE][PASSED] - Browser is closed]]></system-out>
         <system-err><![CDATA[]]></system-err>
      </testcase>
      <testcase name="Test Cases/BC004_TransCancel" time="42.525" classname="Test Cases/BC004_TransCancel" status="FAILED">
         <failure type="FAILED" message="Test Cases/BC004_TransCancel FAILED.
Reason:
com.kms.katalon.core.exception.StepFailedException: Unable to click on object 'Object Repository/ManageTransaksi/Option'
	at com.kms.katalon.core.webui.keyword.internal.WebUIKeywordMain.stepFailed(WebUIKeywordMain.groovy:64)
	at com.kms.katalon.core.webui.keyword.internal.WebUIKeywordMain.runKeyword(WebUIKeywordMain.groovy:26)
	at com.kms.katalon.core.webui.keyword.builtin.ClickKeyword.click(ClickKeyword.groovy:74)
	at com.kms.katalon.core.webui.keyword.builtin.ClickKeyword.execute(ClickKeyword.groovy:40)
	at com.kms.katalon.core.keyword.internal.KeywordExecutor.executeKeywordForPlatform(KeywordExecutor.groovy:74)
	at com.kms.katalon.core.webui.keyword.WebUiBuiltInKeywords.click(WebUiBuiltInKeywords.groovy:620)
	at com.kms.katalon.core.webui.keyword.WebUiBuiltInKeywords$click$2.call(Unknown Source)
	at BC004_TransCancel.run(BC004_TransCancel:34)
	at com.kms.katalon.core.main.ScriptEngine.run(ScriptEngine.java:194)
	at com.kms.katalon.core.main.ScriptEngine.runScriptAsRawText(ScriptEngine.java:119)
	at com.kms.katalon.core.main.TestCaseExecutor.runScript(TestCaseExecutor.java:445)
	at com.kms.katalon.core.main.TestCaseExecutor.doExecute(TestCaseExecutor.java:436)
	at com.kms.katalon.core.main.TestCaseExecutor.processExecutionPhase(TestCaseExecutor.java:415)
	at com.kms.katalon.core.main.TestCaseExecutor.accessMainPhase(TestCaseExecutor.java:407)
	at com.kms.katalon.core.main.TestCaseExecutor.execute(TestCaseExecutor.java:284)
	at com.kms.katalon.core.common.CommonExecutor.accessTestCaseMainPhase(CommonExecutor.java:65)
	at com.kms.katalon.core.main.TestSuiteExecutor.accessTestSuiteMainPhase(TestSuiteExecutor.java:144)
	at com.kms.katalon.core.main.TestSuiteExecutor.execute(TestSuiteExecutor.java:106)
	at com.kms.katalon.core.main.TestCaseMain.startTestSuite(TestCaseMain.java:185)
	at com.kms.katalon.core.main.TestCaseMain$startTestSuite$0.call(Unknown Source)
	at TempTestSuite1671557716712.run(TempTestSuite1671557716712.groovy:36)
Caused by: com.kms.katalon.core.webui.exception.WebElementNotFoundException: Web element with id: 'Object Repository/ManageTransaksi/Option' located by '(.//*[normalize-space(text()) and normalize-space(.)='Success'])[2]/following::*[name()='svg'][1]' not found
	at com.kms.katalon.core.webui.common.WebUiCommonHelper.findWebElement(WebUiCommonHelper.java:1370)
	at com.kms.katalon.core.webui.keyword.internal.WebUIAbstractKeyword.findWebElement(WebUIAbstractKeyword.groovy:27)
	at com.kms.katalon.core.webui.keyword.builtin.ClickKeyword$_click_closure1.doCall(ClickKeyword.groovy:65)
	at com.kms.katalon.core.webui.keyword.builtin.ClickKeyword$_click_closure1.call(ClickKeyword.groovy)
	at com.kms.katalon.core.webui.keyword.internal.WebUIKeywordMain.runKeyword(WebUIKeywordMain.groovy:20)
	... 19 more
"/>
         <system-out><![CDATA[2022-12-21 00:38:53 - [TEST_CASE][FAILED] - Test Cases/BC004_TransCancel: Test Cases/BC004_TransCancel FAILED.
Reason:
com.kms.katalon.core.exception.StepFailedException: Unable to click on object 'Object Repository/ManageTransaksi/Option'
	at com.kms.katalon.core.webui.keyword.internal.WebUIKeywordMain.stepFailed(WebUIKeywordMain.groovy:64)
	at com.kms.katalon.core.webui.keyword.internal.WebUIKeywordMain.runKeyword(WebUIKeywordMain.groovy:26)
	at com.kms.katalon.core.webui.keyword.builtin.ClickKeyword.click(ClickKeyword.groovy:74)
	at com.kms.katalon.core.webui.keyword.builtin.ClickKeyword.execute(ClickKeyword.groovy:40)
	at com.kms.katalon.core.keyword.internal.KeywordExecutor.executeKeywordForPlatform(KeywordExecutor.groovy:74)
	at com.kms.katalon.core.webui.keyword.WebUiBuiltInKeywords.click(WebUiBuiltInKeywords.groovy:620)
	at com.kms.katalon.core.webui.keyword.WebUiBuiltInKeywords$click$2.call(Unknown Source)
	at BC004_TransCancel.run(BC004_TransCancel:34)
	at com.kms.katalon.core.main.ScriptEngine.run(ScriptEngine.java:194)
	at com.kms.katalon.core.main.ScriptEngine.runScriptAsRawText(ScriptEngine.java:119)
	at com.kms.katalon.core.main.TestCaseExecutor.runScript(TestCaseExecutor.java:445)
	at com.kms.katalon.core.main.TestCaseExecutor.doExecute(TestCaseExecutor.java:436)
	at com.kms.katalon.core.main.TestCaseExecutor.processExecutionPhase(TestCaseExecutor.java:415)
	at com.kms.katalon.core.main.TestCaseExecutor.accessMainPhase(TestCaseExecutor.java:407)
	at com.kms.katalon.core.main.TestCaseExecutor.execute(TestCaseExecutor.java:284)
	at com.kms.katalon.core.common.CommonExecutor.accessTestCaseMainPhase(CommonExecutor.java:65)
	at com.kms.katalon.core.main.TestSuiteExecutor.accessTestSuiteMainPhase(TestSuiteExecutor.java:144)
	at com.kms.katalon.core.main.TestSuiteExecutor.execute(TestSuiteExecutor.java:106)
	at com.kms.katalon.core.main.TestCaseMain.startTestSuite(TestCaseMain.java:185)
	at com.kms.katalon.core.main.TestCaseMain$startTestSuite$0.call(Unknown Source)
	at TempTestSuite1671557716712.run(TempTestSuite1671557716712.groovy:36)
Caused by: com.kms.katalon.core.webui.exception.WebElementNotFoundException: Web element with id: 'Object Repository/ManageTransaksi/Option' located by '(.//*[normalize-space(text()) and normalize-space(.)='Success'])[2]/following::*[name()='svg'][1]' not found
	at com.kms.katalon.core.webui.common.WebUiCommonHelper.findWebElement(WebUiCommonHelper.java:1370)
	at com.kms.katalon.core.webui.keyword.internal.WebUIAbstractKeyword.findWebElement(WebUIAbstractKeyword.groovy:27)
	at com.kms.katalon.core.webui.keyword.builtin.ClickKeyword$_click_closure1.doCall(ClickKeyword.groovy:65)
	at com.kms.katalon.core.webui.keyword.builtin.ClickKeyword$_click_closure1.call(ClickKeyword.groovy)
	at com.kms.katalon.core.webui.keyword.internal.WebUIKeywordMain.runKeyword(WebUIKeywordMain.groovy:20)
	... 19 more


2022-12-21 00:38:53 - [TEST_STEP][PASSED] - openBrowser(""): Browser is opened with url: ''

2022-12-21 00:38:53 - [MESSAGE][INFO] - Starting 'Chrome' driver

2022-12-21 00:38:53 - [MESSAGE][INFO] - Action delay is set to 0 milliseconds

2022-12-21 00:38:55 - [MESSAGE][PASSED] - Browser is opened with url: ''

2022-12-21 00:38:55 - [TEST_STEP][PASSED] - maximizeWindow(): Current window maximized

2022-12-21 00:38:55 - [MESSAGE][PASSED] - Current window maximized

2022-12-21 00:38:55 - [TEST_STEP][PASSED] - navigateToUrl("https://tes-capstone-website.vercel.app/admin/login"): Navigate to 'https://tes-capstone-website.vercel.app/admin/login' successfully

2022-12-21 00:38:58 - [MESSAGE][PASSED] - Navigate to 'https://tes-capstone-website.vercel.app/admin/login' successfully

2022-12-21 00:38:58 - [TEST_STEP][PASSED] - setText(findTestObject("Auth/Email"), "admin@nyakit.in"): Text 'admin@nyakit.in' is set on object 'Object Repository/Auth/Email'

2022-12-21 00:38:59 - [MESSAGE][PASSED] - Text 'admin@nyakit.in' is set on object 'Object Repository/Auth/Email'

2022-12-21 00:38:59 - [TEST_STEP][PASSED] - setText(findTestObject("Auth/Password"), "@Password123"): Text '@Password123' is set on object 'Object Repository/Auth/Password'

2022-12-21 00:39:00 - [MESSAGE][PASSED] - Text '@Password123' is set on object 'Object Repository/Auth/Password'

2022-12-21 00:39:00 - [TEST_STEP][PASSED] - click(findTestObject("Auth/LoginButton")): Object: 'Object Repository/Auth/LoginButton' is clicked on

2022-12-21 00:39:01 - [MESSAGE][PASSED] - Object: 'Object Repository/Auth/LoginButton' is clicked on

2022-12-21 00:39:01 - [TEST_STEP][PASSED] - click(findTestObject("ManageTransaksi/ManageTransaksi")): Object: 'Object Repository/ManageTransaksi/ManageTransaksi' is clicked on

2022-12-21 00:39:04 - [MESSAGE][PASSED] - Object: 'Object Repository/ManageTransaksi/ManageTransaksi' is clicked on

2022-12-21 00:39:04 - [TEST_STEP][FAILED] - click(findTestObject("ManageTransaksi/Option")): Unable to click on object 'Object Repository/ManageTransaksi/Option' (Root cause: com.kms.katalon.core.exception.StepFailedException: Unable to click on object 'Object Repository/ManageTransaksi/Option'
	at com.kms.katalon.core.webui.keyword.internal.WebUIKeywordMain.stepFailed(WebUIKeywordMain.groovy:64)
	at com.kms.katalon.core.webui.keyword.internal.WebUIKeywordMain.runKeyword(WebUIKeywordMain.groovy:26)
	at com.kms.katalon.core.webui.keyword.builtin.ClickKeyword.click(ClickKeyword.groovy:74)
	at com.kms.katalon.core.webui.keyword.builtin.ClickKeyword.execute(ClickKeyword.groovy:40)
	at com.kms.katalon.core.keyword.internal.KeywordExecutor.executeKeywordForPlatform(KeywordExecutor.groovy:74)
	at com.kms.katalon.core.webui.keyword.WebUiBuiltInKeywords.click(WebUiBuiltInKeywords.groovy:620)
	at com.kms.katalon.core.webui.keyword.WebUiBuiltInKeywords$click$2.call(Unknown Source)
	at BC004_TransCancel.run(BC004_TransCancel:34)
	at com.kms.katalon.core.main.ScriptEngine.run(ScriptEngine.java:194)
	at com.kms.katalon.core.main.ScriptEngine.runScriptAsRawText(ScriptEngine.java:119)
	at com.kms.katalon.core.main.TestCaseExecutor.runScript(TestCaseExecutor.java:445)
	at com.kms.katalon.core.main.TestCaseExecutor.doExecute(TestCaseExecutor.java:436)
	at com.kms.katalon.core.main.TestCaseExecutor.processExecutionPhase(TestCaseExecutor.java:415)
	at com.kms.katalon.core.main.TestCaseExecutor.accessMainPhase(TestCaseExecutor.java:407)
	at com.kms.katalon.core.main.TestCaseExecutor.execute(TestCaseExecutor.java:284)
	at com.kms.katalon.core.common.CommonExecutor.accessTestCaseMainPhase(CommonExecutor.java:65)
	at com.kms.katalon.core.main.TestSuiteExecutor.accessTestSuiteMainPhase(TestSuiteExecutor.java:144)
	at com.kms.katalon.core.main.TestSuiteExecutor.execute(TestSuiteExecutor.java:106)
	at com.kms.katalon.core.main.TestCaseMain.startTestSuite(TestCaseMain.java:185)
	at com.kms.katalon.core.main.TestCaseMain$startTestSuite$0.call(Unknown Source)
	at TempTestSuite1671557716712.run(TempTestSuite1671557716712.groovy:36)
Caused by: com.kms.katalon.core.webui.exception.WebElementNotFoundException: Web element with id: 'Object Repository/ManageTransaksi/Option' located by '(.//*[normalize-space(text()) and normalize-space(.)='Success'])[2]/following::*[name()='svg'][1]' not found
	at com.kms.katalon.core.webui.common.WebUiCommonHelper.findWebElement(WebUiCommonHelper.java:1370)
	at com.kms.katalon.core.webui.keyword.internal.WebUIAbstractKeyword.findWebElement(WebUIAbstractKeyword.groovy:27)
	at com.kms.katalon.core.webui.keyword.builtin.ClickKeyword$_click_closure1.doCall(ClickKeyword.groovy:65)
	at com.kms.katalon.core.webui.keyword.builtin.ClickKeyword$_click_closure1.call(ClickKeyword.groovy)
	at com.kms.katalon.core.webui.keyword.internal.WebUIKeywordMain.runKeyword(WebUIKeywordMain.groovy:20)
	at com.kms.katalon.core.webui.keyword.builtin.ClickKeyword.click(ClickKeyword.groovy:74)
	at com.kms.katalon.core.webui.keyword.builtin.ClickKeyword.execute(ClickKeyword.groovy:40)
	at com.kms.katalon.core.keyword.internal.KeywordExecutor.executeKeywordForPlatform(KeywordExecutor.groovy:74)
	at com.kms.katalon.core.webui.keyword.WebUiBuiltInKeywords.click(WebUiBuiltInKeywords.groovy:620)
	at com.kms.katalon.core.webui.keyword.WebUiBuiltInKeywords$click$2.call(Unknown Source)
	at Script1671240514811.run(Script1671240514811.groovy:34)
	... 13 more
)

2022-12-21 00:39:35 - [MESSAGE][INFO] - Unable to find the element located by 'By.xpath: (.//*[normalize-space(text()) and normalize-space(.)='Success'])[2]/following::*[name()='svg'][1]'. Please recheck the objects properties to make sure the desired element is located. 

2022-12-21 00:39:36 - [MESSAGE][FAILED] - Unable to click on object 'Object Repository/ManageTransaksi/Option' (Root cause: com.kms.katalon.core.exception.StepFailedException: Unable to click on object 'Object Repository/ManageTransaksi/Option'
	at com.kms.katalon.core.webui.keyword.internal.WebUIKeywordMain.stepFailed(WebUIKeywordMain.groovy:64)
	at com.kms.katalon.core.webui.keyword.internal.WebUIKeywordMain.runKeyword(WebUIKeywordMain.groovy:26)
	at com.kms.katalon.core.webui.keyword.builtin.ClickKeyword.click(ClickKeyword.groovy:74)
	at com.kms.katalon.core.webui.keyword.builtin.ClickKeyword.execute(ClickKeyword.groovy:40)
	at com.kms.katalon.core.keyword.internal.KeywordExecutor.executeKeywordForPlatform(KeywordExecutor.groovy:74)
	at com.kms.katalon.core.webui.keyword.WebUiBuiltInKeywords.click(WebUiBuiltInKeywords.groovy:620)
	at com.kms.katalon.core.webui.keyword.WebUiBuiltInKeywords$click$2.call(Unknown Source)
	at BC004_TransCancel.run(BC004_TransCancel:34)
	at com.kms.katalon.core.main.ScriptEngine.run(ScriptEngine.java:194)
	at com.kms.katalon.core.main.ScriptEngine.runScriptAsRawText(ScriptEngine.java:119)
	at com.kms.katalon.core.main.TestCaseExecutor.runScript(TestCaseExecutor.java:445)
	at com.kms.katalon.core.main.TestCaseExecutor.doExecute(TestCaseExecutor.java:436)
	at com.kms.katalon.core.main.TestCaseExecutor.processExecutionPhase(TestCaseExecutor.java:415)
	at com.kms.katalon.core.main.TestCaseExecutor.accessMainPhase(TestCaseExecutor.java:407)
	at com.kms.katalon.core.main.TestCaseExecutor.execute(TestCaseExecutor.java:284)
	at com.kms.katalon.core.common.CommonExecutor.accessTestCaseMainPhase(CommonExecutor.java:65)
	at com.kms.katalon.core.main.TestSuiteExecutor.accessTestSuiteMainPhase(TestSuiteExecutor.java:144)
	at com.kms.katalon.core.main.TestSuiteExecutor.execute(TestSuiteExecutor.java:106)
	at com.kms.katalon.core.main.TestCaseMain.startTestSuite(TestCaseMain.java:185)
	at com.kms.katalon.core.main.TestCaseMain$startTestSuite$0.call(Unknown Source)
	at TempTestSuite1671557716712.run(TempTestSuite1671557716712.groovy:36)
Caused by: com.kms.katalon.core.webui.exception.WebElementNotFoundException: Web element with id: 'Object Repository/ManageTransaksi/Option' located by '(.//*[normalize-space(text()) and normalize-space(.)='Success'])[2]/following::*[name()='svg'][1]' not found
	at com.kms.katalon.core.webui.common.WebUiCommonHelper.findWebElement(WebUiCommonHelper.java:1370)
	at com.kms.katalon.core.webui.keyword.internal.WebUIAbstractKeyword.findWebElement(WebUIAbstractKeyword.groovy:27)
	at com.kms.katalon.core.webui.keyword.builtin.ClickKeyword$_click_closure1.doCall(ClickKeyword.groovy:65)
	at com.kms.katalon.core.webui.keyword.builtin.ClickKeyword$_click_closure1.call(ClickKeyword.groovy)
	at com.kms.katalon.core.webui.keyword.internal.WebUIKeywordMain.runKeyword(WebUIKeywordMain.groovy:20)
	at com.kms.katalon.core.webui.keyword.builtin.ClickKeyword.click(ClickKeyword.groovy:74)
	at com.kms.katalon.core.webui.keyword.builtin.ClickKeyword.execute(ClickKeyword.groovy:40)
	at com.kms.katalon.core.keyword.internal.KeywordExecutor.executeKeywordForPlatform(KeywordExecutor.groovy:74)
	at com.kms.katalon.core.webui.keyword.WebUiBuiltInKeywords.click(WebUiBuiltInKeywords.groovy:620)
	at com.kms.katalon.core.webui.keyword.WebUiBuiltInKeywords$click$2.call(Unknown Source)
	at Script1671240514811.run(Script1671240514811.groovy:34)
	... 13 more
)
[[ATTACHMENT|C:\\Users\\User\\git\\QE_Web\\Reports\\20221221_003516\\RegressionWeb\\20221221_003516\\1671557975817.png]]]]></system-out>
         <system-err><![CDATA[2022-12-21 00:38:53 - [TEST_CASE][FAILED] - Test Cases/BC004_TransCancel: Test Cases/BC004_TransCancel FAILED.
Reason:
com.kms.katalon.core.exception.StepFailedException: Unable to click on object 'Object Repository/ManageTransaksi/Option'
	at com.kms.katalon.core.webui.keyword.internal.WebUIKeywordMain.stepFailed(WebUIKeywordMain.groovy:64)
	at com.kms.katalon.core.webui.keyword.internal.WebUIKeywordMain.runKeyword(WebUIKeywordMain.groovy:26)
	at com.kms.katalon.core.webui.keyword.builtin.ClickKeyword.click(ClickKeyword.groovy:74)
	at com.kms.katalon.core.webui.keyword.builtin.ClickKeyword.execute(ClickKeyword.groovy:40)
	at com.kms.katalon.core.keyword.internal.KeywordExecutor.executeKeywordForPlatform(KeywordExecutor.groovy:74)
	at com.kms.katalon.core.webui.keyword.WebUiBuiltInKeywords.click(WebUiBuiltInKeywords.groovy:620)
	at com.kms.katalon.core.webui.keyword.WebUiBuiltInKeywords$click$2.call(Unknown Source)
	at BC004_TransCancel.run(BC004_TransCancel:34)
	at com.kms.katalon.core.main.ScriptEngine.run(ScriptEngine.java:194)
	at com.kms.katalon.core.main.ScriptEngine.runScriptAsRawText(ScriptEngine.java:119)
	at com.kms.katalon.core.main.TestCaseExecutor.runScript(TestCaseExecutor.java:445)
	at com.kms.katalon.core.main.TestCaseExecutor.doExecute(TestCaseExecutor.java:436)
	at com.kms.katalon.core.main.TestCaseExecutor.processExecutionPhase(TestCaseExecutor.java:415)
	at com.kms.katalon.core.main.TestCaseExecutor.accessMainPhase(TestCaseExecutor.java:407)
	at com.kms.katalon.core.main.TestCaseExecutor.execute(TestCaseExecutor.java:284)
	at com.kms.katalon.core.common.CommonExecutor.accessTestCaseMainPhase(CommonExecutor.java:65)
	at com.kms.katalon.core.main.TestSuiteExecutor.accessTestSuiteMainPhase(TestSuiteExecutor.java:144)
	at com.kms.katalon.core.main.TestSuiteExecutor.execute(TestSuiteExecutor.java:106)
	at com.kms.katalon.core.main.TestCaseMain.startTestSuite(TestCaseMain.java:185)
	at com.kms.katalon.core.main.TestCaseMain$startTestSuite$0.call(Unknown Source)
	at TempTestSuite1671557716712.run(TempTestSuite1671557716712.groovy:36)
Caused by: com.kms.katalon.core.webui.exception.WebElementNotFoundException: Web element with id: 'Object Repository/ManageTransaksi/Option' located by '(.//*[normalize-space(text()) and normalize-space(.)='Success'])[2]/following::*[name()='svg'][1]' not found
	at com.kms.katalon.core.webui.common.WebUiCommonHelper.findWebElement(WebUiCommonHelper.java:1370)
	at com.kms.katalon.core.webui.keyword.internal.WebUIAbstractKeyword.findWebElement(WebUIAbstractKeyword.groovy:27)
	at com.kms.katalon.core.webui.keyword.builtin.ClickKeyword$_click_closure1.doCall(ClickKeyword.groovy:65)
	at com.kms.katalon.core.webui.keyword.builtin.ClickKeyword$_click_closure1.call(ClickKeyword.groovy)
	at com.kms.katalon.core.webui.keyword.internal.WebUIKeywordMain.runKeyword(WebUIKeywordMain.groovy:20)
	... 19 more]]></system-err>
      </testcase>
      <testcase name="Test Cases/BC005_TransWithoutSimpan" time="43.571" classname="Test Cases/BC005_TransWithoutSimpan" status="FAILED">
         <failure type="FAILED" message="Test Cases/BC005_TransWithoutSimpan FAILED.
Reason:
com.kms.katalon.core.exception.StepFailedException: Unable to click on object 'Object Repository/ManageTransaksi/Option'
	at com.kms.katalon.core.webui.keyword.internal.WebUIKeywordMain.stepFailed(WebUIKeywordMain.groovy:64)
	at com.kms.katalon.core.webui.keyword.internal.WebUIKeywordMain.runKeyword(WebUIKeywordMain.groovy:26)
	at com.kms.katalon.core.webui.keyword.builtin.ClickKeyword.click(ClickKeyword.groovy:74)
	at com.kms.katalon.core.webui.keyword.builtin.ClickKeyword.execute(ClickKeyword.groovy:40)
	at com.kms.katalon.core.keyword.internal.KeywordExecutor.executeKeywordForPlatform(KeywordExecutor.groovy:74)
	at com.kms.katalon.core.webui.keyword.WebUiBuiltInKeywords.click(WebUiBuiltInKeywords.groovy:620)
	at com.kms.katalon.core.webui.keyword.WebUiBuiltInKeywords$click$2.call(Unknown Source)
[...]
	at com.kms.katalon.core.webui.keyword.internal.WebUIKeywordMain.runKeyword(WebUIKeywordMain.groovy:20)
	... 19 more


2022-12-21 00:52:25 - [TEST_STEP][PASSED] - openBrowser(""): Browser is opened with url: ''

2022-12-21 00:52:25 - [MESSAGE][WARNING] - A browser is already opened. Closing browser and opening a new one

2022-12-21 00:52:25 - [MESSAGE][INFO] - Starting 'Chrome' driver

2022-12-21 00:52:25 - [MESSAGE][INFO] - Action delay is set to 0 milliseconds

2022-12-21 00:52:26 - [MESSAGE][PASSED] - Browser is opened with url: ''

2022-12-21 00:52:26 - [TEST_STEP][PASSED] - maximizeWindow(): Current window maximized

2022-12-21 00:52:27 - [MESSAGE][PASSED] - Current window maximized

2022-12-21 00:52:27 - [TEST_STEP][PASSED] - navigateToUrl("https://tes-capstone-website.vercel.app/admin/login"): Navigate to 'https://tes-capstone-website.vercel.app/admin/login' successfully

2022-12-21 00:52:30 - [MESSAGE][PASSED] - Navigate to 'https://tes-capstone-website.vercel.app/admin/login' successfully

2022-12-21 00:52:30 - [TEST_STEP][PASSED] - setText(findTestObject("Auth/Email"), "admin@nyakit.in"): Text 'admin@nyakit.in' is set on object 'Object Repository/Auth/Email'

2022-12-21 00:52:31 - [MESSAGE][PASSED] - Text 'admin@nyakit.in' is set on object 'Object Repository/Auth/Email'

2022-12-21 00:52:31 - [TEST_STEP][PASSED] - setText(findTestObject("Auth/Password"), "@Password123"): Text '@Password123' is set on object 'Object Repository/Auth/Password'

2022-12-21 00:52:32 - [MESSAGE][PASSED] - Text '@Password123' is set on object 'Object Repository/Auth/Password'

2022-12-21 00:52:32 - [TEST_STEP][PASSED] - click(findTestObject("Auth/LoginButton")): Object: 'Object Repository/Auth/LoginButton' is clicked on

2022-12-21 00:52:32 - [MESSAGE][PASSED] - Object: 'Object Repository/Auth/LoginButton' is clicked on

2022-12-21 00:52:32 - [TEST_STEP][PASSED] - click(findTestObject("ManageProduct/Product")): Object: 'Object Repository/ManageProduct/Product' is clicked on

2022-12-21 00:52:35 - [MESSAGE][PASSED] - Object: 'Object Repository/ManageProduct/Product' is clicked on

2022-12-21 00:52:35 - [TEST_STEP][PASSED] - click(findTestObject("ManageProduct/Entertainment")): Object: 'Object Repository/ManageProduct/Entertainment' is clicked on

2022-12-21 00:52:36 - [MESSAGE][PASSED] - Object: 'Object Repository/ManageProduct/Entertainment' is clicked on

2022-12-21 00:52:36 - [TEST_STEP][PASSED] - click(findTestObject("Daily/TambahProduk")): Object: 'Object Repository/Daily/TambahProduk' is clicked on

2022-12-21 00:52:37 - [MESSAGE][PASSED] - Object: 'Object Repository/Daily/TambahProduk' is clicked on

2022-12-21 00:52:37 - [TEST_STEP][PASSED] - setText(findTestObject("Daily/Gambar"), "Mobile Legend"): Text 'Mobile Legend' is set on object 'Object Repository/Daily/Gambar'

2022-12-21 00:52:38 - [MESSAGE][PASSED] - Text 'Mobile Legend' is set on object 'Object Repository/Daily/Gambar'

2022-12-21 00:52:38 - [TEST_STEP][PASSED] - setText(findTestObject("Daily/KodeProduk"), "01ml"): Text '01ml' is set on object 'Object Repository/Daily/KodeProduk'

2022-12-21 00:52:39 - [MESSAGE][PASSED] - Text '01ml' is set on object 'Object Repository/Daily/KodeProduk'

2022-12-21 00:52:39 - [TEST_STEP][PASSED] - setText(findTestObject("Daily/Deskripsi"), "Diamond Mobile Legend"): Text 'Diamond Mobile Legend' is set on object 'Object Repository/Daily/Deskripsi'

2022-12-21 00:52:40 - [MESSAGE][PASSED] - Text 'Diamond Mobile Legend' is set on object 'Object Repository/Daily/Deskripsi'

2022-12-21 00:52:40 - [TEST_STEP][PASSED] - setText(findTestObject("Daily/Nominal"), "50000"): Text '50000' is set on object 'Object Repository/Daily/Nominal'

2022-12-21 00:52:41 - [MESSAGE][PASSED] - Text '50000' is set on object 'Object Repository/Daily/Nominal'

2022-12-21 00:52:41 - [TEST_STEP][PASSED] - selectOptionByValue(findTestObject("Daily/PilihDisini"), "Games", true): All options with value 'Games' are selected in object 'Object Repository/Daily/PilihDisini'  using regular expression

2022-12-21 00:52:42 - [MESSAGE][PASSED] - All options with value 'Games' are selected in object 'Object Repository/Daily/PilihDisini'  using regular expression

2022-12-21 00:52:42 - [TEST_STEP][FAILED] - click(findTestObject("Daily/Simpan")): Unable to click on object 'Object Repository/Daily/Simpan' (Root cause: com.kms.katalon.core.exception.StepFailedException: Unable to click on object 'Object Repository/Daily/Simpan'
	at com.kms.katalon.core.webui.keyword.internal.WebUIKeywordMain.stepFailed(WebUIKeywordMain.groovy:64)
	at com.kms.katalon.core.webui.keyword.internal.WebUIKeywordMain.runKeyword(WebUIKeywordMain.groovy:26)
	at com.kms.katalon.core.webui.keyword.builtin.ClickKeyword.click(ClickKeyword.groovy:74)
	at com.kms.katalon.core.webui.keyword.builtin.ClickKeyword.execute(ClickKeyword.groovy:40)
	at com.kms.katalon.core.keyword.internal.KeywordExecutor.executeKeywordForPlatform(KeywordExecutor.groovy:74)
	at com.kms.katalon.core.webui.keyword.WebUiBuiltInKeywords.click(WebUiBuiltInKeywords.groovy:620)
	at com.kms.katalon.core.webui.keyword.WebUiBuiltInKeywords$click$2.call(Unknown Source)
	at BD031_EnterWithoutHarga.run(BD031_EnterWithoutHarga:48)
	at com.kms.katalon.core.main.ScriptEngine.run(ScriptEngine.java:194)
	at com.kms.katalon.core.main.ScriptEngine.runScriptAsRawText(ScriptEngine.java:119)
	at com.kms.katalon.core.main.TestCaseExecutor.runScript(TestCaseExecutor.java:445)
	at com.kms.katalon.core.main.TestCaseExecutor.doExecute(TestCaseExecutor.java:436)
	at com.kms.katalon.core.main.TestCaseExecutor.processExecutionPhase(TestCaseExecutor.java:415)
	at com.kms.katalon.core.main.TestCaseExecutor.accessMainPhase(TestCaseExecutor.java:407)
	at com.kms.katalon.core.main.TestCaseExecutor.execute(TestCaseExecutor.java:284)
	at com.kms.katalon.core.common.CommonExecutor.accessTestCaseMainPhase(CommonExecutor.java:65)
	at com.kms.katalon.core.main.TestSuiteExecutor.accessTestSuiteMainPhase(TestSuiteExecutor.java:144)
	at com.kms.katalon.core.main.TestSuiteExecutor.execute(TestSuiteExecutor.java:106)
	at com.kms.katalon.core.main.TestCaseMain.startTestSuite(TestCaseMain.java:185)
	at com.kms.katalon.core.main.TestCaseMain$startTestSuite$0.call(Unknown Source)
	at TempTestSuite1671557716712.run(TempTestSuite1671557716712.groovy:36)
Caused by: com.kms.katalon.core.webui.exception.WebElementNotFoundException: Web element with id: 'Object Repository/Daily/Simpan' located by '(//button[@type='button'])[20]' not found
	at com.kms.katalon.core.webui.common.WebUiCommonHelper.findWebElement(WebUiCommonHelper.java:1370)
	at com.kms.katalon.core.webui.keyword.internal.WebUIAbstractKeyword.findWebElement(WebUIAbstractKeyword.groovy:27)
	at com.kms.katalon.core.webui.keyword.builtin.ClickKeyword$_click_closure1.doCall(ClickKeyword.groovy:65)
	at com.kms.katalon.core.webui.keyword.builtin.ClickKeyword$_click_closure1.call(ClickKeyword.groovy)
	at com.kms.katalon.core.webui.keyword.internal.WebUIKeywordMain.runKeyword(WebUIKeywordMain.groovy:20)
	at com.kms.katalon.core.webui.keyword.builtin.ClickKeyword.click(ClickKeyword.groovy:74)
	at com.kms.katalon.core.webui.keyword.builtin.ClickKeyword.execute(ClickKeyword.groovy:40)
	at com.kms.katalon.core.keyword.internal.KeywordExecutor.executeKeywordForPlatform(KeywordExecutor.groovy:74)
	at com.kms.katalon.core.webui.keyword.WebUiBuiltInKeywords.click(WebUiBuiltInKeywords.groovy:620)
	at com.kms.katalon.core.webui.keyword.WebUiBuiltInKeywords$click$2.call(Unknown Source)
	at Script1671555221670.run(Script1671555221670.groovy:48)
	... 13 more
)

2022-12-21 00:53:14 - [MESSAGE][INFO] - Unable to find the element located by 'By.xpath: (//button[@type='button'])[20]'. Please recheck the objects properties to make sure the desired element is located. 

2022-12-21 00:53:14 - [MESSAGE][FAILED] - Unable to click on object 'Object Repository/Daily/Simpan' (Root cause: com.kms.katalon.core.exception.StepFailedException: Unable to click on object 'Object Repository/Daily/Simpan'
	at com.kms.katalon.core.webui.keyword.internal.WebUIKeywordMain.stepFailed(WebUIKeywordMain.groovy:64)
	at com.kms.katalon.core.webui.keyword.internal.WebUIKeywordMain.runKeyword(WebUIKeywordMain.groovy:26)
	at com.kms.katalon.core.webui.keyword.builtin.ClickKeyword.click(ClickKeyword.groovy:74)
	at com.kms.katalon.core.webui.keyword.builtin.ClickKeyword.execute(ClickKeyword.groovy:40)
	at com.kms.katalon.core.keyword.internal.KeywordExecutor.executeKeywordForPlatform(KeywordExecutor.groovy:74)
	at com.kms.katalon.core.webui.keyword.WebUiBuiltInKeywords.click(WebUiBuiltInKeywords.groovy:620)
	at com.kms.katalon.core.webui.keyword.WebUiBuiltInKeywords$click$2.call(Unknown Source)
	at BD031_EnterWithoutHarga.run(BD031_EnterWithoutHarga:48)
	at com.kms.katalon.core.main.ScriptEngine.run(ScriptEngine.java:194)
	at com.kms.katalon.core.main.ScriptEngine.runScriptAsRawText(ScriptEngine.java:119)
	at com.kms.katalon.core.main.TestCaseExecutor.runScript(TestCaseExecutor.java:445)
	at com.kms.katalon.core.main.TestCaseExecutor.doExecute(TestCaseExecutor.java:436)
	at com.kms.katalon.core.main.TestCaseExecutor.processExecutionPhase(TestCaseExecutor.java:415)
	at com.kms.katalon.core.main.TestCaseExecutor.accessMainPhase(TestCaseExecutor.java:407)
	at com.kms.katalon.core.main.TestCaseExecutor.execute(TestCaseExecutor.java:284)
	at com.kms.katalon.core.common.CommonExecutor.accessTestCaseMainPhase(CommonExecutor.java:65)
	at com.kms.katalon.core.main.TestSuiteExecutor.accessTestSuiteMainPhase(TestSuiteExecutor.java:144)
	at com.kms.katalon.core.main.TestSuiteExecutor.execute(TestSuiteExecutor.java:106)
	at com.kms.katalon.core.main.TestCaseMain.startTestSuite(TestCaseMain.java:185)
	at com.kms.katalon.core.main.TestCaseMain$startTestSuite$0.call(Unknown Source)
	at TempTestSuite1671557716712.run(TempTestSuite1671557716712.groovy:36)
Caused by: com.kms.katalon.core.webui.exception.WebElementNotFoundException: Web element with id: 'Object Repository/Daily/Simpan' located by '(//button[@type='button'])[20]' not found
	at com.kms.katalon.core.webui.common.WebUiCommonHelper.findWebElement(WebUiCommonHelper.java:1370)
	at com.kms.katalon.core.webui.keyword.internal.WebUIAbstractKeyword.findWebElement(WebUIAbstractKeyword.groovy:27)
	at com.kms.katalon.core.webui.keyword.builtin.ClickKeyword$_click_closure1.doCall(ClickKeyword.groovy:65)
	at com.kms.katalon.core.webui.keyword.builtin.ClickKeyword$_click_closure1.call(ClickKeyword.groovy)
	at com.kms.katalon.core.webui.keyword.internal.WebUIKeywordMain.runKeyword(WebUIKeywordMain.groovy:20)
	at com.kms.katalon.core.webui.keyword.builtin.ClickKeyword.click(ClickKeyword.groovy:74)
	at com.kms.katalon.core.webui.keyword.builtin.ClickKeyword.execute(ClickKeyword.groovy:40)
	at com.kms.katalon.core.keyword.internal.KeywordExecutor.executeKeywordForPlatform(KeywordExecutor.groovy:74)
	at com.kms.katalon.core.webui.keyword.WebUiBuiltInKeywords.click(WebUiBuiltInKeywords.groovy:620)
	at com.kms.katalon.core.webui.keyword.WebUiBuiltInKeywords$click$2.call(Unknown Source)
	at Script1671555221670.run(Script1671555221670.groovy:48)
	... 13 more
)
[[ATTACHMENT|C:\\Users\\User\\git\\QE_Web\\Reports\\20221221_003516\\RegressionWeb\\20221221_003516\\1671558794363.png]]]]></system-out>
         <system-err><![CDATA[2022-12-21 00:52:24 - [TEST_CASE][FAILED] - Test Cases/BD031_EnterWithoutHarga: Test Cases/BD031_EnterWithoutHarga FAILED.
Reason:
com.kms.katalon.core.exception.StepFailedException: Unable to click on object 'Object Repository/Daily/Simpan'
	at com.kms.katalon.core.webui.keyword.internal.WebUIKeywordMain.stepFailed(WebUIKeywordMain.groovy:64)
	at com.kms.katalon.core.webui.keyword.internal.WebUIKeywordMain.runKeyword(WebUIKeywordMain.groovy:26)
	at com.kms.katalon.core.webui.keyword.builtin.ClickKeyword.click(ClickKeyword.groovy:74)
	at com.kms.katalon.core.webui.keyword.builtin.ClickKeyword.execute(ClickKeyword.groovy:40)
	at com.kms.katalon.core.keyword.internal.KeywordExecutor.executeKeywordForPlatform(KeywordExecutor.groovy:74)
	at com.kms.katalon.core.webui.keyword.WebUiBuiltInKeywords.click(WebUiBuiltInKeywords.groovy:620)
	at com.kms.katalon.core.webui.keyword.WebUiBuiltInKeywords$click$2.call(Unknown Source)
	at BD031_EnterWithoutHarga.run(BD031_EnterWithoutHarga:48)
	at com.kms.katalon.core.main.ScriptEngine.run(ScriptEngine.java:194)
	at com.kms.katalon.core.main.ScriptEngine.runScriptAsRawText(ScriptEngine.java:119)
	at com.kms.katalon.core.main.TestCaseExecutor.runScript(TestCaseExecutor.java:445)
	at com.kms.katalon.core.main.TestCaseExecutor.doExecute(TestCaseExecutor.java:436)
	at com.kms.katalon.core.main.TestCaseExecutor.processExecutionPhase(TestCaseExecutor.java:415)
	at com.kms.katalon.core.main.TestCaseExecutor.accessMainPhase(TestCaseExecutor.java:407)
	at com.kms.katalon.core.main.TestCaseExecutor.execute(TestCaseExecutor.java:284)
	at com.kms.katalon.core.common.CommonExecutor.accessTestCaseMainPhase(CommonExecutor.java:65)
	at com.kms.katalon.core.main.TestSuiteExecutor.accessTestSuiteMainPhase(TestSuiteExecutor.java:144)
	at com.kms.katalon.core.main.TestSuiteExecutor.execute(TestSuiteExecutor.java:106)
	at com.kms.katalon.core.main.TestCaseMain.startTestSuite(TestCaseMain.java:185)
	at com.kms.katalon.core.main.TestCaseMain$startTestSuite$0.call(Unknown Source)
	at TempTestSuite1671557716712.run(TempTestSuite1671557716712.groovy:36)
Caused by: com.kms.katalon.core.webui.exception.WebElementNotFoundException: Web element with id: 'Object Repository/Daily/Simpan' located by '(//button[@type='button'])[20]' not found
	at com.kms.katalon.core.webui.common.WebUiCommonHelper.findWebElement(WebUiCommonHelper.java:1370)
	at com.kms.katalon.core.webui.keyword.internal.WebUIAbstractKeyword.findWebElement(WebUIAbstractKeyword.groovy:27)
	at com.kms.katalon.core.webui.keyword.builtin.ClickKeyword$_click_closure1.doCall(ClickKeyword.groovy:65)
	at com.kms.katalon.core.webui.keyword.builtin.ClickKeyword$_click_closure1.call(ClickKeyword.groovy)
	at com.kms.katalon.core.webui.keyword.internal.WebUIKeywordMain.runKeyword(WebUIKeywordMain.groovy:20)
	... 19 more]]></system-err>
      </testcase>
      <system-out><![CDATA[2022-12-21 00:35:21 - [TEST_SUITE][FAILED] - RegressionWeb: Test Cases/BB002_VerifUser FAILED.
Reason:
com.kms.katalon.core.exception.StepFailedException: Unable to click on object 'Object Repository/ManageUser/EditButton'
	at com.kms.katalon.core.webui.keyword.internal.WebUIKeywordMain.stepFailed(WebUIKeywordMain.groovy:64)
	at com.kms.katalon.core.webui.keyword.internal.WebUIKeywordMain.runKeyword(WebUIKeywordMain.groovy:26)
	at com.kms.katalon.core.webui.keyword.builtin.ClickKeyword.click(ClickKeyword.groovy:74)
	at com.kms.katalon.core.webui.keyword.builtin.ClickKeyword.execute(ClickKeyword.groovy:40)
	at com.kms.katalon.core.keyword.internal.KeywordExecutor.executeKeywordForPlatform(KeywordExecutor.groovy:74)
	at com.kms.katalon.core.webui.keyword.WebUiBuiltInKeywords.click(WebUiBuiltInKeywords.groovy:620)
	at com.kms.katalon.core.webui.keyword.WebUiBuiltInKeywords$click$2.call(Unknown Source)
	at BB002_VerifUser.run(BB002_VerifUser:36)
	at com.kms.katalon.core.main.ScriptEngine.run(ScriptEngine.java:194)
	at com.kms.katalon.core.main.ScriptEngine.runScriptAsRawText(ScriptEngine.java:119)
	at com.kms.katalon.core.main.TestCaseExecutor.runScript(TestCaseExecutor.java:445)
	at com.kms.katalon.core.main.TestCaseExecutor.doExecute(TestCaseExecutor.java:436)
	at com.kms.katalon.core.main.TestCaseExecutor.processExecutionPhase(TestCaseExecutor.java:415)
	at com.kms.katalon.core.main.TestCaseExecutor.accessMainPhase(TestCaseExecutor.java:407)
	at com.kms.katalon.core.main.TestCaseExecutor.execute(TestCaseExecutor.java:284)
	at com.kms.katalon.core.common.CommonExecutor.accessTestCaseMainPhase(CommonExecutor.java:65)
	at com.kms.katalon.core.main.TestSuiteExecutor.accessTestSuiteMainPhase(TestSuiteExecutor.java:144)
	at com.kms.katalon.core.main.TestSuiteExecutor.execute(TestSuiteExecutor.java:106)
	at com.kms.katalon.core.main.TestCaseMain.startTestSuite(TestCaseMain.java:185)
	at com.kms.katalon.core.main.TestCaseMain$startTestSuite$0.call(Unknown Source)
	at TempTestSuite1671557716712.run(TempTestSuite1671557716712.groovy:36)
Caused by: com.kms.katalon.core.webui.exception.WebElementNotFoundException: Web element with id: 'Object Repository/ManageUser/EditButton' located by '(.//*[normalize-space(text()) and normalize-space(.)='Not verified'])[2]/following::li[1]' not found
	at com.kms.katalon.core.webui.common.WebUiCommonHelper.findWebElement(WebUiCommonHelper.java:1370)
	at com.kms.katalon.core.webui.keyword.internal.WebUIAbstractKeyword.findWebElement(WebUIAbstractKeyword.groovy:27)
	at com.kms.katalon.core.webui.keyword.builtin.ClickKeyword$_click_closure1.doCall(ClickKeyword.groovy:65)
	at com.kms.katalon.core.webui.keyword.builtin.ClickKeyword$_click_closure1.call(ClickKeyword.groovy)
	at com.kms.katalon.core.webui.keyword.internal.WebUIKeywordMain.runKeyword(WebUIKeywordMain.groovy:20)
	... 19 more]]></system-out>
      <system-err><![CDATA[2022-12-21 00:35:21 - [TEST_SUITE][FAILED] - RegressionWeb: Test Cases/BB002_VerifUser FAILED.
Reason:
com.kms.katalon.core.exception.StepFailedException: Unable to click on object 'Object Repository/ManageUser/EditButton'
	at com.kms.katalon.core.webui.keyword.internal.WebUIKeywordMain.stepFailed(WebUIKeywordMain.groovy:64)
	at com.kms.katalon.core.webui.keyword.internal.WebUIKeywordMain.runKeyword(WebUIKeywordMain.groovy:26)
	at com.kms.katalon.core.webui.keyword.builtin.ClickKeyword.click(ClickKeyword.groovy:74)
	at com.kms.katalon.core.webui.keyword.builtin.ClickKeyword.execute(ClickKeyword.groovy:40)
	at com.kms.katalon.core.keyword.internal.KeywordExecutor.executeKeywordForPlatform(KeywordExecutor.groovy:74)
	at com.kms.katalon.core.webui.keyword.WebUiBuiltInKeywords.click(WebUiBuiltInKeywords.groovy:620)
	at com.kms.katalon.core.webui.keyword.WebUiBuiltInKeywords$click$2.call(Unknown Source)
	at BB002_VerifUser.run(BB002_VerifUser:36)
	at com.kms.katalon.core.main.ScriptEngine.run(ScriptEngine.java:194)
	at com.kms.katalon.core.main.ScriptEngine.runScriptAsRawText(ScriptEngine.java:119)
	at com.kms.katalon.core.main.TestCaseExecutor.runScript(TestCaseExecutor.java:445)
	at com.kms.katalon.core.main.TestCaseExecutor.doExecute(TestCaseExecutor.java:436)
	at com.kms.katalon.core.main.TestCaseExecutor.processExecutionPhase(TestCaseExecutor.java:415)
	at com.kms.katalon.core.main.TestCaseExecutor.accessMainPhase(TestCaseExecutor.java:407)
	at com.kms.katalon.core.main.TestCaseExecutor.execute(TestCaseExecutor.java:284)
	at com.kms.katalon.core.common.CommonExecutor.accessTestCaseMainPhase(CommonExecutor.java:65)
	at com.kms.katalon.core.main.TestSuiteExecutor.accessTestSuiteMainPhase(TestSuiteExecutor.java:144)
	at com.kms.katalon.core.main.TestSuiteExecutor.execute(TestSuiteExecutor.java:106)
	at com.kms.katalon.core.main.TestCaseMain.startTestSuite(TestCaseMain.java:185)
	at com.kms.katalon.core.main.TestCaseMain$startTestSuite$0.call(Unknown Source)
	at TempTestSuite1671557716712.run(TempTestSuite1671557716712.groovy:36)
Caused by: com.kms.katalon.core.webui.exception.WebElementNotFoundException: Web element with id: 'Object Repository/ManageUser/EditButton' located by '(.//*[normalize-space(text()) and normalize-space(.)='Not verified'])[2]/following::li[1]' not found
	at com.kms.katalon.core.webui.common.WebUiCommonHelper.findWebElement(WebUiCommonHelper.java:1370)
	at com.kms.katalon.core.webui.keyword.internal.WebUIAbstractKeyword.findWebElement(WebUIAbstractKeyword.groovy:27)
	at com.kms.katalon.core.webui.keyword.builtin.ClickKeyword$_click_closure1.doCall(ClickKeyword.groovy:65)
	at com.kms.katalon.core.webui.keyword.builtin.ClickKeyword$_click_closure1.call(ClickKeyword.groovy)
	at com.kms.katalon.core.webui.keyword.internal.WebUIKeywordMain.runKeyword(WebUIKeywordMain.groovy:20)
	... 19 more]]></system-err>
   </testsuite>
</testsuites>
